#
# There is insufficient memory for the Java Runtime Environment to continue.
# Native memory allocation (malloc) failed to allocate 1537136 bytes for Chunk::new
# Possible reasons:
#   The system is out of physical RAM or swap space
#   The process is running with CompressedOops enabled, and the Java Heap may be blocking the growth of the native heap
# Possible solutions:
#   Reduce memory load on the system
#   Increase physical memory or swap space
#   Check if swap backing store is full
#   Decrease Java heap size (-Xmx/-Xms)
#   Decrease number of Java threads
#   Decrease Java thread stack sizes (-Xss)
#   Set larger code cache with -XX:ReservedCodeCacheSize=
#   JVM is running with Unscaled Compressed Oops mode in which the Java heap is
#     placed in the first 4GB address space. The Java Heap base address is the
#     maximum limit for the native heap growth. Please use -XX:HeapBaseMinAddress
#     to set the Java Heap base and to place the Java Heap above 4GB virtual address.
# This output file may be truncated or incomplete.
#
#  Out of Memory Error (./src/hotspot/share/memory/arena.cpp:197), pid=7260, tid=12176
#
# JRE version: OpenJDK Runtime Environment (11.0.11+9) (build 11.0.11+9-b60-7590822)
# Java VM: OpenJDK 64-Bit Server VM (11.0.11+9-b60-7590822, mixed mode, tiered, compressed oops, g1 gc, windows-amd64)
# No core dump will be written. Minidumps are not enabled by default on client versions of Windows
#

---------------  S U M M A R Y ------------

Command Line: --add-opens=java.base/java.util=ALL-UNNAMED --add-opens=java.base/java.lang=ALL-UNNAMED --add-opens=java.base/java.lang.invoke=ALL-UNNAMED --add-opens=java.base/java.util=ALL-UNNAMED --add-opens=java.prefs/java.util.prefs=ALL-UNNAMED --add-opens=java.prefs/java.util.prefs=ALL-UNNAMED --add-opens=java.base/java.nio.charset=ALL-UNNAMED --add-opens=java.base/java.net=ALL-UNNAMED --add-opens=java.base/java.util.concurrent.atomic=ALL-UNNAMED -Xmx2048m -Dfile.encoding=UTF-8 -Duser.country=CN -Duser.language=zh -Duser.variant org.gradle.launcher.daemon.bootstrap.GradleDaemon 7.2

Host: Intel(R) Core(TM) i5-8250U CPU @ 1.60GHz, 8 cores, 7G,  Windows 10 , 64 bit Build 18362 (10.0.18362.1500)
Time: Wed Jan 11 00:02:42 2023 ?D1¨²¡À¨º¡Á?¨º¡À?? elapsed time: 4.781965 seconds (0d 0h 0m 4s)

---------------  T H R E A D  ---------------

Current thread (0x0000021d748a6800):  JavaThread "C2 CompilerThread1" daemon [_thread_in_native, id=12176, stack(0x000000524b300000,0x000000524b400000)]


Current CompileTask:
C2:   4782 2728       4       java.util.AbstractCollection::addAll (42 bytes)

Stack: [0x000000524b300000,0x000000524b400000]
Native frames: (J=compiled Java code, j=interpreted, Vv=VM code, C=native code)
V  [jvm.dll+0x5f214a]
V  [jvm.dll+0x726fb5]
V  [jvm.dll+0x7285cd]
V  [jvm.dll+0x728c83]
V  [jvm.dll+0x243278]
V  [jvm.dll+0xbc53c]
V  [jvm.dll+0xbca3c]
V  [jvm.dll+0x353e7d]
V  [jvm.dll+0x321893]
V  [jvm.dll+0x320d8a]
V  [jvm.dll+0x1fc1e2]
V  [jvm.dll+0x1fb3d4]
V  [jvm.dll+0x183d6c]
V  [jvm.dll+0x209a57]
V  [jvm.dll+0x2082a1]
V  [jvm.dll+0x6ef58f]
V  [jvm.dll+0x6e80b5]
V  [jvm.dll+0x5f1036]
C  [ucrtbase.dll+0x210b2]
C  [KERNEL32.DLL+0x17c24]
C  [ntdll.dll+0x6d721]


---------------  P R O C E S S  ---------------

Threads class SMR info:
_java_thread_list=0x0000021d75ad9870, length=32, elements={
0x0000021d57206000, 0x0000021d71684000, 0x0000021d71685800, 0x0000021d71ef7000,
0x0000021d71efa000, 0x0000021d71efd000, 0x0000021d71f00000, 0x0000021d71f0c000,
0x0000021d71f11800, 0x0000021d7208f000, 0x0000021d745a6800, 0x0000021d72fee800,
0x0000021d73a13800, 0x0000021d74998800, 0x0000021d7387e800, 0x0000021d72f47000,
0x0000021d733eb000, 0x0000021d72f05000, 0x0000021d7470a800, 0x0000021d73ef0000,
0x0000021d73ef1800, 0x0000021d73ef0800, 0x0000021d73ef2000, 0x0000021d748a6800,
0x0000021d75585000, 0x0000021d75586000, 0x0000021d7558a000, 0x0000021d75586800,
0x0000021d7558c800, 0x0000021d75587800, 0x0000021d737a3800, 0x0000021d75589000
}

Java Threads: ( => current thread )
  0x0000021d57206000 JavaThread "main" [_thread_blocked, id=3160, stack(0x0000005248c00000,0x0000005248d00000)]
  0x0000021d71684000 JavaThread "Reference Handler" daemon [_thread_blocked, id=8512, stack(0x0000005249300000,0x0000005249400000)]
  0x0000021d71685800 JavaThread "Finalizer" daemon [_thread_blocked, id=5276, stack(0x0000005249400000,0x0000005249500000)]
  0x0000021d71ef7000 JavaThread "Signal Dispatcher" daemon [_thread_blocked, id=14188, stack(0x0000005249500000,0x0000005249600000)]
  0x0000021d71efa000 JavaThread "Attach Listener" daemon [_thread_blocked, id=2428, stack(0x0000005249600000,0x0000005249700000)]
  0x0000021d71efd000 JavaThread "Service Thread" daemon [_thread_blocked, id=4988, stack(0x0000005249700000,0x0000005249800000)]
  0x0000021d71f00000 JavaThread "C2 CompilerThread0" daemon [_thread_blocked, id=8308, stack(0x0000005249800000,0x0000005249900000)]
  0x0000021d71f0c000 JavaThread "C1 CompilerThread0" daemon [_thread_blocked, id=13508, stack(0x0000005249900000,0x0000005249a00000)]
  0x0000021d71f11800 JavaThread "Sweeper thread" daemon [_thread_blocked, id=9736, stack(0x0000005249a00000,0x0000005249b00000)]
  0x0000021d7208f000 JavaThread "Common-Cleaner" daemon [_thread_blocked, id=7964, stack(0x0000005249b00000,0x0000005249c00000)]
  0x0000021d745a6800 JavaThread "Daemon health stats" [_thread_blocked, id=9016, stack(0x000000524a100000,0x000000524a200000)]
  0x0000021d72fee800 JavaThread "Incoming local TCP Connector on port 50107" [_thread_in_native, id=968, stack(0x0000005249f00000,0x000000524a000000)]
  0x0000021d73a13800 JavaThread "Daemon periodic checks" [_thread_blocked, id=7292, stack(0x000000524a000000,0x000000524a100000)]
  0x0000021d74998800 JavaThread "Daemon" [_thread_blocked, id=932, stack(0x000000524a200000,0x000000524a300000)]
  0x0000021d7387e800 JavaThread "Handler for socket connection from /127.0.0.1:50107 to /127.0.0.1:50108" [_thread_in_native, id=9780, stack(0x000000524a300000,0x000000524a400000)]
  0x0000021d72f47000 JavaThread "Cancel handler" [_thread_blocked, id=9056, stack(0x000000524a400000,0x000000524a500000)]
  0x0000021d733eb000 JavaThread "Daemon worker" [_thread_in_vm, id=8080, stack(0x000000524a500000,0x000000524a600000)]
  0x0000021d72f05000 JavaThread "Asynchronous log dispatcher for DefaultDaemonConnection: socket connection from /127.0.0.1:50107 to /127.0.0.1:50108" [_thread_blocked, id=1180, stack(0x000000524a600000,0x000000524a700000)]
  0x0000021d7470a800 JavaThread "Stdin handler" [_thread_blocked, id=7184, stack(0x000000524a700000,0x000000524a800000)]
  0x0000021d73ef0000 JavaThread "Daemon client event forwarder" [_thread_blocked, id=2324, stack(0x000000524a800000,0x000000524a900000)]
  0x0000021d73ef1800 JavaThread "Cache worker for journal cache (C:\Users\30312\.gradle\caches\journal-1)" [_thread_blocked, id=9304, stack(0x000000524af00000,0x000000524b000000)]
  0x0000021d73ef0800 JavaThread "File lock request listener" [_thread_in_native, id=9716, stack(0x000000524b000000,0x000000524b100000)]
  0x0000021d73ef2000 JavaThread "Cache worker for file hash cache (C:\Users\30312\.gradle\caches\7.2\fileHashes)" [_thread_blocked, id=7308, stack(0x000000524b100000,0x000000524b200000)]
=>0x0000021d748a6800 JavaThread "C2 CompilerThread1" daemon [_thread_in_native, id=12176, stack(0x000000524b300000,0x000000524b400000)]
  0x0000021d75585000 JavaThread "Cache worker for file hash cache (F:\KotlinLearn\comicsProject\.gradle\7.2\fileHashes)" [_thread_blocked, id=7144, stack(0x000000524b400000,0x000000524b500000)]
  0x0000021d75586000 JavaThread "File watcher server" daemon [_thread_in_native, id=4152, stack(0x000000524b500000,0x000000524b600000)]
  0x0000021d7558a000 JavaThread "File watcher consumer" daemon [_thread_blocked, id=9224, stack(0x000000524b600000,0x000000524b700000)]
  0x0000021d75586800 JavaThread "Cache worker for checksums cache (F:\KotlinLearn\comicsProject\.gradle\checksums)" [_thread_blocked, id=14060, stack(0x000000524b700000,0x000000524b800000)]
  0x0000021d7558c800 JavaThread "Cache worker for cache directory md-supplier (C:\Users\30312\.gradle\caches\7.2\md-supplier)" [_thread_blocked, id=3976, stack(0x000000524b800000,0x000000524b900000)]
  0x0000021d75587800 JavaThread "Cache worker for cache directory md-rule (C:\Users\30312\.gradle\caches\7.2\md-rule)" [_thread_blocked, id=7188, stack(0x000000524b900000,0x000000524ba00000)]
  0x0000021d737a3800 JavaThread "C2 CompilerThread2" daemon [_thread_in_vm, id=7908, stack(0x000000524ba00000,0x000000524bb00000)]
  0x0000021d75589000 JavaThread "Cache worker for execution history cache (C:\Users\30312\.gradle\caches\7.2\executionHistory)" [_thread_blocked, id=13496, stack(0x000000524bb00000,0x000000524bc00000)]

Other Threads:
  0x0000021d7167f000 VMThread "VM Thread" [stack: 0x0000005249200000,0x0000005249300000] [id=2768]
  0x0000021d72097000 WatcherThread [stack: 0x0000005249c00000,0x0000005249d00000] [id=8432]
  0x0000021d5721a000 GCTaskThread "GC Thread#0" [stack: 0x0000005248d00000,0x0000005248e00000] [id=4436]
  0x0000021d725ce800 GCTaskThread "GC Thread#1" [stack: 0x0000005249d00000,0x0000005249e00000] [id=8160]
  0x0000021d725cf000 GCTaskThread "GC Thread#2" [stack: 0x0000005249e00000,0x0000005249f00000] [id=1704]
  0x0000021d74610800 GCTaskThread "GC Thread#3" [stack: 0x000000524a900000,0x000000524aa00000] [id=3356]
  0x0000021d737b7800 GCTaskThread "GC Thread#4" [stack: 0x000000524aa00000,0x000000524ab00000] [id=10876]
  0x0000021d73644000 GCTaskThread "GC Thread#5" [stack: 0x000000524ab00000,0x000000524ac00000] [id=2932]
  0x0000021d74daf800 GCTaskThread "GC Thread#6" [stack: 0x000000524ac00000,0x000000524ad00000] [id=14160]
  0x0000021d746bb000 GCTaskThread "GC Thread#7" [stack: 0x000000524ad00000,0x000000524ae00000] [id=2332]
  0x0000021d5724b000 ConcurrentGCThread "G1 Main Marker" [stack: 0x0000005248e00000,0x0000005248f00000] [id=6920]
  0x0000021d5724c800 ConcurrentGCThread "G1 Conc#0" [stack: 0x0000005248f00000,0x0000005249000000] [id=10328]
  0x0000021d7551c000 ConcurrentGCThread "G1 Conc#1" [stack: 0x000000524b200000,0x000000524b300000] [id=11448]
  0x0000021d572cd800 ConcurrentGCThread "G1 Refine#0" [stack: 0x0000005249000000,0x0000005249100000] [id=6792]
  0x0000021d733a8000 ConcurrentGCThread "G1 Refine#1" [stack: 0x000000524ae00000,0x000000524af00000] [id=12092]
  0x0000021d572ce800 ConcurrentGCThread "G1 Young RemSet Sampling" [stack: 0x0000005249100000,0x0000005249200000] [id=13384]

Threads with active compile tasks:
C2 CompilerThread1   4838 2728       4       java.util.AbstractCollection::addAll (42 bytes)

VM state:not at safepoint (normal execution)

VM Mutex/Monitor currently owned by a thread: None

Heap address: 0x0000000080000000, size: 2048 MB, Compressed Oops mode: 32-bit
Narrow klass base: 0x0000000000000000, Narrow klass shift: 3
Compressed class space size: 1073741824 Address: 0x0000000100000000

Heap:
 garbage-first heap   total 129024K, used 24066K [0x0000000080000000, 0x0000000100000000)
  region size 1024K, 7 young (7168K), 4 survivors (4096K)
 Metaspace       used 35474K, capacity 36242K, committed 36432K, reserved 1081344K
  class space    used 4614K, capacity 4927K, committed 4992K, reserved 1048576K
Heap Regions: E=young(eden), S=young(survivor), O=old, HS=humongous(starts), HC=humongous(continues), CS=collection set, F=free, A=archive, TAMS=top-at-mark-start (previous, next)
|   0|0x0000000080000000, 0x0000000080100000, 0x0000000080100000|100%| O|  |TAMS 0x0000000080100000, 0x0000000080000000| Untracked 
|   1|0x0000000080100000, 0x0000000080200000, 0x0000000080200000|100%| O|  |TAMS 0x0000000080200000, 0x0000000080100000| Untracked 
|   2|0x0000000080200000, 0x0000000080300000, 0x0000000080300000|100%| O|  |TAMS 0x0000000080300000, 0x0000000080200000| Untracked 
|   3|0x0000000080300000, 0x0000000080400000, 0x0000000080400000|100%|HS|  |TAMS 0x0000000080400000, 0x0000000080300000| Complete 
|   4|0x0000000080400000, 0x0000000080500000, 0x0000000080500000|100%|HC|  |TAMS 0x0000000080500000, 0x0000000080400000| Complete 
|   5|0x0000000080500000, 0x0000000080600000, 0x0000000080600000|100%|HC|  |TAMS 0x0000000080600000, 0x0000000080500000| Complete 
|   6|0x0000000080600000, 0x0000000080700000, 0x0000000080700000|100%| O|  |TAMS 0x0000000080700000, 0x0000000080600000| Untracked 
|   7|0x0000000080700000, 0x0000000080800000, 0x0000000080800000|100%| O|  |TAMS 0x0000000080800000, 0x0000000080700000| Untracked 
|   8|0x0000000080800000, 0x0000000080900000, 0x0000000080900000|100%| O|  |TAMS 0x0000000080900000, 0x0000000080800000| Untracked 
|   9|0x0000000080900000, 0x0000000080a00000, 0x0000000080a00000|100%| O|  |TAMS 0x0000000080a00000, 0x0000000080900000| Untracked 
|  10|0x0000000080a00000, 0x0000000080b00000, 0x0000000080b00000|100%| O|  |TAMS 0x0000000080b00000, 0x0000000080a00000| Untracked 
|  11|0x0000000080b00000, 0x0000000080c00000, 0x0000000080c00000|100%| O|  |TAMS 0x0000000080c00000, 0x0000000080b00000| Untracked 
|  12|0x0000000080c00000, 0x0000000080d00000, 0x0000000080d00000|100%| O|  |TAMS 0x0000000080d00000, 0x0000000080c00000| Untracked 
|  13|0x0000000080d00000, 0x0000000080e00000, 0x0000000080e00000|100%| O|  |TAMS 0x0000000080e00000, 0x0000000080d00000| Untracked 
|  14|0x0000000080e00000, 0x0000000080f00000, 0x0000000080f00000|100%| O|  |TAMS 0x0000000080f00000, 0x0000000080e00000| Untracked 
|  15|0x0000000080f00000, 0x0000000081000000, 0x0000000081000000|100%| O|  |TAMS 0x0000000081000000, 0x0000000080f00000| Untracked 
|  16|0x0000000081000000, 0x0000000081100000, 0x0000000081100000|100%| O|  |TAMS 0x0000000081100000, 0x0000000081000000| Untracked 
|  17|0x0000000081100000, 0x0000000081200000, 0x0000000081200000|100%| O|  |TAMS 0x0000000081200000, 0x0000000081100000| Untracked 
|  18|0x0000000081200000, 0x0000000081280800, 0x0000000081300000| 50%| O|  |TAMS 0x0000000081280800, 0x0000000081200000| Untracked 
|  19|0x0000000081300000, 0x0000000081300000, 0x0000000081400000|  0%| F|  |TAMS 0x0000000081300000, 0x0000000081300000| Untracked 
|  20|0x0000000081400000, 0x0000000081400000, 0x0000000081500000|  0%| F|  |TAMS 0x0000000081400000, 0x0000000081400000| Untracked 
|  21|0x0000000081500000, 0x0000000081500000, 0x0000000081600000|  0%| F|  |TAMS 0x0000000081500000, 0x0000000081500000| Untracked 
|  22|0x0000000081600000, 0x0000000081600000, 0x0000000081700000|  0%| F|  |TAMS 0x0000000081600000, 0x0000000081600000| Untracked 
|  23|0x0000000081700000, 0x0000000081700000, 0x0000000081800000|  0%| F|  |TAMS 0x0000000081700000, 0x0000000081700000| Untracked 
|  24|0x0000000081800000, 0x0000000081800000, 0x0000000081900000|  0%| F|  |TAMS 0x0000000081800000, 0x0000000081800000| Untracked 
|  25|0x0000000081900000, 0x0000000081900000, 0x0000000081a00000|  0%| F|  |TAMS 0x0000000081900000, 0x0000000081900000| Untracked 
|  26|0x0000000081a00000, 0x0000000081a00000, 0x0000000081b00000|  0%| F|  |TAMS 0x0000000081a00000, 0x0000000081a00000| Untracked 
|  27|0x0000000081b00000, 0x0000000081b00000, 0x0000000081c00000|  0%| F|  |TAMS 0x0000000081b00000, 0x0000000081b00000| Untracked 
|  28|0x0000000081c00000, 0x0000000081c00000, 0x0000000081d00000|  0%| F|  |TAMS 0x0000000081c00000, 0x0000000081c00000| Untracked 
|  29|0x0000000081d00000, 0x0000000081d00000, 0x0000000081e00000|  0%| F|  |TAMS 0x0000000081d00000, 0x0000000081d00000| Untracked 
|  30|0x0000000081e00000, 0x0000000081e00000, 0x0000000081f00000|  0%| F|  |TAMS 0x0000000081e00000, 0x0000000081e00000| Untracked 
|  31|0x0000000081f00000, 0x0000000081f00000, 0x0000000082000000|  0%| F|  |TAMS 0x0000000081f00000, 0x0000000081f00000| Untracked 
|  32|0x0000000082000000, 0x0000000082000000, 0x0000000082100000|  0%| F|  |TAMS 0x0000000082000000, 0x0000000082000000| Untracked 
|  33|0x0000000082100000, 0x0000000082100000, 0x0000000082200000|  0%| F|  |TAMS 0x0000000082100000, 0x0000000082100000| Untracked 
|  34|0x0000000082200000, 0x0000000082200000, 0x0000000082300000|  0%| F|  |TAMS 0x0000000082200000, 0x0000000082200000| Untracked 
|  35|0x0000000082300000, 0x0000000082300000, 0x0000000082400000|  0%| F|  |TAMS 0x0000000082300000, 0x0000000082300000| Untracked 
|  36|0x0000000082400000, 0x0000000082400000, 0x0000000082500000|  0%| F|  |TAMS 0x0000000082400000, 0x0000000082400000| Untracked 
|  37|0x0000000082500000, 0x0000000082500000, 0x0000000082600000|  0%| F|  |TAMS 0x0000000082500000, 0x0000000082500000| Untracked 
|  38|0x0000000082600000, 0x0000000082600000, 0x0000000082700000|  0%| F|  |TAMS 0x0000000082600000, 0x0000000082600000| Untracked 
|  39|0x0000000082700000, 0x0000000082700000, 0x0000000082800000|  0%| F|  |TAMS 0x0000000082700000, 0x0000000082700000| Untracked 
|  40|0x0000000082800000, 0x0000000082800000, 0x0000000082900000|  0%| F|  |TAMS 0x0000000082800000, 0x0000000082800000| Untracked 
|  41|0x0000000082900000, 0x0000000082900000, 0x0000000082a00000|  0%| F|  |TAMS 0x0000000082900000, 0x0000000082900000| Untracked 
|  42|0x0000000082a00000, 0x0000000082a00000, 0x0000000082b00000|  0%| F|  |TAMS 0x0000000082a00000, 0x0000000082a00000| Untracked 
|  43|0x0000000082b00000, 0x0000000082b00000, 0x0000000082c00000|  0%| F|  |TAMS 0x0000000082b00000, 0x0000000082b00000| Untracked 
|  44|0x0000000082c00000, 0x0000000082c00000, 0x0000000082d00000|  0%| F|  |TAMS 0x0000000082c00000, 0x0000000082c00000| Untracked 
|  45|0x0000000082d00000, 0x0000000082d00000, 0x0000000082e00000|  0%| F|  |TAMS 0x0000000082d00000, 0x0000000082d00000| Untracked 
|  46|0x0000000082e00000, 0x0000000082e00000, 0x0000000082f00000|  0%| F|  |TAMS 0x0000000082e00000, 0x0000000082e00000| Untracked 
|  47|0x0000000082f00000, 0x0000000082f00000, 0x0000000083000000|  0%| F|  |TAMS 0x0000000082f00000, 0x0000000082f00000| Untracked 
|  48|0x0000000083000000, 0x0000000083000000, 0x0000000083100000|  0%| F|  |TAMS 0x0000000083000000, 0x0000000083000000| Untracked 
|  49|0x0000000083100000, 0x0000000083100000, 0x0000000083200000|  0%| F|  |TAMS 0x0000000083100000, 0x0000000083100000| Untracked 
|  50|0x0000000083200000, 0x0000000083200000, 0x0000000083300000|  0%| F|  |TAMS 0x0000000083200000, 0x0000000083200000| Untracked 
|  51|0x0000000083300000, 0x0000000083300000, 0x0000000083400000|  0%| F|  |TAMS 0x0000000083300000, 0x0000000083300000| Untracked 
|  52|0x0000000083400000, 0x0000000083400000, 0x0000000083500000|  0%| F|  |TAMS 0x0000000083400000, 0x0000000083400000| Untracked 
|  53|0x0000000083500000, 0x0000000083500000, 0x0000000083600000|  0%| F|  |TAMS 0x0000000083500000, 0x0000000083500000| Untracked 
|  54|0x0000000083600000, 0x0000000083600000, 0x0000000083700000|  0%| F|  |TAMS 0x0000000083600000, 0x0000000083600000| Untracked 
|  55|0x0000000083700000, 0x0000000083700000, 0x0000000083800000|  0%| F|  |TAMS 0x0000000083700000, 0x0000000083700000| Untracked 
|  56|0x0000000083800000, 0x0000000083800000, 0x0000000083900000|  0%| F|  |TAMS 0x0000000083800000, 0x0000000083800000| Untracked 
|  57|0x0000000083900000, 0x0000000083900000, 0x0000000083a00000|  0%| F|  |TAMS 0x0000000083900000, 0x0000000083900000| Untracked 
|  58|0x0000000083a00000, 0x0000000083a00000, 0x0000000083b00000|  0%| F|  |TAMS 0x0000000083a00000, 0x0000000083a00000| Untracked 
|  59|0x0000000083b00000, 0x0000000083b00000, 0x0000000083c00000|  0%| F|  |TAMS 0x0000000083b00000, 0x0000000083b00000| Untracked 
|  60|0x0000000083c00000, 0x0000000083c00000, 0x0000000083d00000|  0%| F|  |TAMS 0x0000000083c00000, 0x0000000083c00000| Untracked 
|  61|0x0000000083d00000, 0x0000000083d00000, 0x0000000083e00000|  0%| F|  |TAMS 0x0000000083d00000, 0x0000000083d00000| Untracked 
|  62|0x0000000083e00000, 0x0000000083e00000, 0x0000000083f00000|  0%| F|  |TAMS 0x0000000083e00000, 0x0000000083e00000| Untracked 
|  63|0x0000000083f00000, 0x0000000083f00000, 0x0000000084000000|  0%| F|  |TAMS 0x0000000083f00000, 0x0000000083f00000| Untracked 
|  64|0x0000000084000000, 0x0000000084000000, 0x0000000084100000|  0%| F|  |TAMS 0x0000000084000000, 0x0000000084000000| Untracked 
|  65|0x0000000084100000, 0x0000000084100000, 0x0000000084200000|  0%| F|  |TAMS 0x0000000084100000, 0x0000000084100000| Untracked 
|  66|0x0000000084200000, 0x0000000084200000, 0x0000000084300000|  0%| F|  |TAMS 0x0000000084200000, 0x0000000084200000| Untracked 
|  67|0x0000000084300000, 0x0000000084300000, 0x0000000084400000|  0%| F|  |TAMS 0x0000000084300000, 0x0000000084300000| Untracked 
|  68|0x0000000084400000, 0x0000000084400000, 0x0000000084500000|  0%| F|  |TAMS 0x0000000084400000, 0x0000000084400000| Untracked 
|  69|0x0000000084500000, 0x0000000084500000, 0x0000000084600000|  0%| F|  |TAMS 0x0000000084500000, 0x0000000084500000| Untracked 
|  70|0x0000000084600000, 0x0000000084600000, 0x0000000084700000|  0%| F|  |TAMS 0x0000000084600000, 0x0000000084600000| Untracked 
|  71|0x0000000084700000, 0x0000000084700000, 0x0000000084800000|  0%| F|  |TAMS 0x0000000084700000, 0x0000000084700000| Untracked 
|  72|0x0000000084800000, 0x0000000084800000, 0x0000000084900000|  0%| F|  |TAMS 0x0000000084800000, 0x0000000084800000| Untracked 
|  73|0x0000000084900000, 0x0000000084900000, 0x0000000084a00000|  0%| F|  |TAMS 0x0000000084900000, 0x0000000084900000| Untracked 
|  74|0x0000000084a00000, 0x0000000084a00000, 0x0000000084b00000|  0%| F|  |TAMS 0x0000000084a00000, 0x0000000084a00000| Untracked 
|  75|0x0000000084b00000, 0x0000000084b00000, 0x0000000084c00000|  0%| F|  |TAMS 0x0000000084b00000, 0x0000000084b00000| Untracked 
|  76|0x0000000084c00000, 0x0000000084c00000, 0x0000000084d00000|  0%| F|  |TAMS 0x0000000084c00000, 0x0000000084c00000| Untracked 
|  77|0x0000000084d00000, 0x0000000084d00000, 0x0000000084e00000|  0%| F|  |TAMS 0x0000000084d00000, 0x0000000084d00000| Untracked 
|  78|0x0000000084e00000, 0x0000000084e00000, 0x0000000084f00000|  0%| F|  |TAMS 0x0000000084e00000, 0x0000000084e00000| Untracked 
|  79|0x0000000084f00000, 0x0000000084f00000, 0x0000000085000000|  0%| F|  |TAMS 0x0000000084f00000, 0x0000000084f00000| Untracked 
|  80|0x0000000085000000, 0x0000000085000000, 0x0000000085100000|  0%| F|  |TAMS 0x0000000085000000, 0x0000000085000000| Untracked 
|  81|0x0000000085100000, 0x0000000085100000, 0x0000000085200000|  0%| F|  |TAMS 0x0000000085100000, 0x0000000085100000| Untracked 
|  82|0x0000000085200000, 0x0000000085200000, 0x0000000085300000|  0%| F|  |TAMS 0x0000000085200000, 0x0000000085200000| Untracked 
|  83|0x0000000085300000, 0x0000000085300000, 0x0000000085400000|  0%| F|  |TAMS 0x0000000085300000, 0x0000000085300000| Untracked 
|  84|0x0000000085400000, 0x0000000085400000, 0x0000000085500000|  0%| F|  |TAMS 0x0000000085400000, 0x0000000085400000| Untracked 
|  85|0x0000000085500000, 0x0000000085500000, 0x0000000085600000|  0%| F|  |TAMS 0x0000000085500000, 0x0000000085500000| Untracked 
|  86|0x0000000085600000, 0x0000000085600000, 0x0000000085700000|  0%| F|  |TAMS 0x0000000085600000, 0x0000000085600000| Untracked 
|  87|0x0000000085700000, 0x0000000085700000, 0x0000000085800000|  0%| F|  |TAMS 0x0000000085700000, 0x0000000085700000| Untracked 
|  88|0x0000000085800000, 0x0000000085800000, 0x0000000085900000|  0%| F|  |TAMS 0x0000000085800000, 0x0000000085800000| Untracked 
|  89|0x0000000085900000, 0x0000000085900000, 0x0000000085a00000|  0%| F|  |TAMS 0x0000000085900000, 0x0000000085900000| Untracked 
|  90|0x0000000085a00000, 0x0000000085a00000, 0x0000000085b00000|  0%| F|  |TAMS 0x0000000085a00000, 0x0000000085a00000| Untracked 
|  91|0x0000000085b00000, 0x0000000085b00000, 0x0000000085c00000|  0%| F|  |TAMS 0x0000000085b00000, 0x0000000085b00000| Untracked 
|  92|0x0000000085c00000, 0x0000000085c00000, 0x0000000085d00000|  0%| F|  |TAMS 0x0000000085c00000, 0x0000000085c00000| Untracked 
|  93|0x0000000085d00000, 0x0000000085d00000, 0x0000000085e00000|  0%| F|  |TAMS 0x0000000085d00000, 0x0000000085d00000| Untracked 
|  94|0x0000000085e00000, 0x0000000085e00000, 0x0000000085f00000|  0%| F|  |TAMS 0x0000000085e00000, 0x0000000085e00000| Untracked 
|  95|0x0000000085f00000, 0x0000000085f00000, 0x0000000086000000|  0%| F|  |TAMS 0x0000000085f00000, 0x0000000085f00000| Untracked 
|  96|0x0000000086000000, 0x0000000086000000, 0x0000000086100000|  0%| F|  |TAMS 0x0000000086000000, 0x0000000086000000| Untracked 
|  97|0x0000000086100000, 0x0000000086100000, 0x0000000086200000|  0%| F|  |TAMS 0x0000000086100000, 0x0000000086100000| Untracked 
|  98|0x0000000086200000, 0x0000000086200000, 0x0000000086300000|  0%| F|  |TAMS 0x0000000086200000, 0x0000000086200000| Untracked 
|  99|0x0000000086300000, 0x0000000086300000, 0x0000000086400000|  0%| F|  |TAMS 0x0000000086300000, 0x0000000086300000| Untracked 
| 100|0x0000000086400000, 0x0000000086400000, 0x0000000086500000|  0%| F|  |TAMS 0x0000000086400000, 0x0000000086400000| Untracked 
| 101|0x0000000086500000, 0x0000000086500000, 0x0000000086600000|  0%| F|  |TAMS 0x0000000086500000, 0x0000000086500000| Untracked 
| 102|0x0000000086600000, 0x0000000086600000, 0x0000000086700000|  0%| F|  |TAMS 0x0000000086600000, 0x0000000086600000| Untracked 
| 103|0x0000000086700000, 0x0000000086700000, 0x0000000086800000|  0%| F|  |TAMS 0x0000000086700000, 0x0000000086700000| Untracked 
| 104|0x0000000086800000, 0x0000000086800000, 0x0000000086900000|  0%| F|  |TAMS 0x0000000086800000, 0x0000000086800000| Untracked 
| 105|0x0000000086900000, 0x0000000086900000, 0x0000000086a00000|  0%| F|  |TAMS 0x0000000086900000, 0x0000000086900000| Untracked 
| 106|0x0000000086a00000, 0x0000000086a00000, 0x0000000086b00000|  0%| F|  |TAMS 0x0000000086a00000, 0x0000000086a00000| Untracked 
| 107|0x0000000086b00000, 0x0000000086b00000, 0x0000000086c00000|  0%| F|  |TAMS 0x0000000086b00000, 0x0000000086b00000| Untracked 
| 108|0x0000000086c00000, 0x0000000086c00000, 0x0000000086d00000|  0%| F|  |TAMS 0x0000000086c00000, 0x0000000086c00000| Untracked 
| 109|0x0000000086d00000, 0x0000000086d00000, 0x0000000086e00000|  0%| F|  |TAMS 0x0000000086d00000, 0x0000000086d00000| Untracked 
| 110|0x0000000086e00000, 0x0000000086e00000, 0x0000000086f00000|  0%| F|  |TAMS 0x0000000086e00000, 0x0000000086e00000| Untracked 
| 111|0x0000000086f00000, 0x0000000086f00000, 0x0000000087000000|  0%| F|  |TAMS 0x0000000086f00000, 0x0000000086f00000| Untracked 
| 112|0x0000000087000000, 0x0000000087000000, 0x0000000087100000|  0%| F|  |TAMS 0x0000000087000000, 0x0000000087000000| Untracked 
| 113|0x0000000087100000, 0x0000000087100000, 0x0000000087200000|  0%| F|  |TAMS 0x0000000087100000, 0x0000000087100000| Untracked 
| 114|0x0000000087200000, 0x0000000087200000, 0x0000000087300000|  0%| F|  |TAMS 0x0000000087200000, 0x0000000087200000| Untracked 
| 115|0x0000000087300000, 0x0000000087300000, 0x0000000087400000|  0%| F|  |TAMS 0x0000000087300000, 0x0000000087300000| Untracked 
| 116|0x0000000087400000, 0x0000000087400000, 0x0000000087500000|  0%| F|  |TAMS 0x0000000087400000, 0x0000000087400000| Untracked 
| 117|0x0000000087500000, 0x0000000087600000, 0x0000000087600000|100%| S|CS|TAMS 0x0000000087500000, 0x0000000087500000| Complete 
| 118|0x0000000087600000, 0x0000000087700000, 0x0000000087700000|100%| S|CS|TAMS 0x0000000087600000, 0x0000000087600000| Complete 
| 119|0x0000000087700000, 0x0000000087800000, 0x0000000087800000|100%| S|CS|TAMS 0x0000000087700000, 0x0000000087700000| Complete 
| 120|0x0000000087800000, 0x0000000087900000, 0x0000000087900000|100%| S|CS|TAMS 0x0000000087800000, 0x0000000087800000| Complete 
| 121|0x0000000087900000, 0x0000000087900000, 0x0000000087a00000|  0%| F|  |TAMS 0x0000000087900000, 0x0000000087900000| Untracked 
| 122|0x0000000087a00000, 0x0000000087a00000, 0x0000000087b00000|  0%| F|  |TAMS 0x0000000087a00000, 0x0000000087a00000| Untracked 
| 123|0x0000000087b00000, 0x0000000087b7e310, 0x0000000087c00000| 49%| E|  |TAMS 0x0000000087b00000, 0x0000000087b00000| Complete 
| 124|0x0000000087c00000, 0x0000000087cc0410, 0x0000000087d00000| 75%| E|  |TAMS 0x0000000087c00000, 0x0000000087c00000| Complete 
| 125|0x0000000087d00000, 0x0000000087e00000, 0x0000000087e00000|100%| E|CS|TAMS 0x0000000087d00000, 0x0000000087d00000| Complete 

Card table byte_map: [0x0000021d6a420000,0x0000021d6a820000] _byte_map_base: 0x0000021d6a020000

Marking Bits (Prev, Next): (CMBitMap*) 0x0000021d57242428, (CMBitMap*) 0x0000021d57242460
 Prev Bits: [0x0000021d6ac20000, 0x0000021d6cc20000)
 Next Bits: [0x0000021d6cc20000, 0x0000021d6ec20000)

Polling page: 0x0000021d55140000

Metaspace:

Usage:
  Non-class:     30.58 MB capacity,    30.16 MB ( 99%) used,   360.52 KB (  1%) free+waste,    74.31 KB ( <1%) overhead. 
      Class:      4.81 MB capacity,     4.51 MB ( 94%) used,   275.94 KB (  6%) free+waste,    36.44 KB ( <1%) overhead. 
       Both:     35.39 MB capacity,    34.66 MB ( 98%) used,   636.45 KB (  2%) free+waste,   110.75 KB ( <1%) overhead. 

Virtual space:
  Non-class space:       32.00 MB reserved,      30.70 MB ( 96%) committed 
      Class space:        1.00 GB reserved,       4.88 MB ( <1%) committed 
             Both:        1.03 GB reserved,      35.58 MB (  3%) committed 

Chunk freelists:
   Non-Class:  45.00 KB
       Class:  1.00 KB
        Both:  46.00 KB

MaxMetaspaceSize: 17179869184.00 GB
CompressedClassSpaceSize: 1.00 GB

CodeHeap 'non-profiled nmethods': size=120000Kb used=1542Kb max_used=1542Kb free=118457Kb
 bounds [0x0000021d627c0000, 0x0000021d62a30000, 0x0000021d69cf0000]
CodeHeap 'profiled nmethods': size=120000Kb used=5873Kb max_used=5873Kb free=114126Kb
 bounds [0x0000021d5b290000, 0x0000021d5b850000, 0x0000021d627c0000]
CodeHeap 'non-nmethods': size=5760Kb used=1176Kb max_used=1241Kb free=4583Kb
 bounds [0x0000021d5acf0000, 0x0000021d5af60000, 0x0000021d5b290000]
 total_blobs=3367 nmethods=2844 adapters=434
 compilation: enabled
              stopped_count=0, restarted_count=0
 full_count=0

Compilation events (20 events):
Event: 4.770 Thread 0x0000021d71f0c000 nmethod 2801 0x0000021d6292f290 code [0x0000021d6292f440, 0x0000021d6292f4f8]
Event: 4.770 Thread 0x0000021d71f0c000 2802       3       java.util.zip.ZipFile$ZipEntryIterator::hasNext (17 bytes)
Event: 4.770 Thread 0x0000021d71f0c000 nmethod 2802 0x0000021d5b838010 code [0x0000021d5b8381c0, 0x0000021d5b838318]
Event: 4.770 Thread 0x0000021d71f0c000 2804   !   3       jdk.internal.loader.URLClassPath$JarLoader::getResource (353 bytes)
Event: 4.773 Thread 0x0000021d71f0c000 nmethod 2804 0x0000021d5b838390 code [0x0000021d5b838800, 0x0000021d5b83a778]
Event: 4.773 Thread 0x0000021d71f0c000 2805       3       java.util.zip.ZipCoder$UTF8::toString (12 bytes)
Event: 4.773 Thread 0x0000021d71f0c000 nmethod 2805 0x0000021d5b83b990 code [0x0000021d5b83bb60, 0x0000021d5b83bd08]
Event: 4.773 Thread 0x0000021d71f0c000 2806       3       java.lang.System$2::newStringUTF8NoRepl (7 bytes)
Event: 4.773 Thread 0x0000021d71f00000 nmethod 2790 0x0000021d6292f590 code [0x0000021d6292f760, 0x0000021d6292fc68]
Event: 4.773 Thread 0x0000021d71f0c000 nmethod 2806 0x0000021d5b83be10 code [0x0000021d5b83bfc0, 0x0000021d5b83c0e8]
Event: 4.773 Thread 0x0000021d71f0c000 2808       3       java.lang.StringCoding::newStringUTF8NoRepl (56 bytes)
Event: 4.773 Thread 0x0000021d71f00000 2807       4       java.lang.String::lastIndexOf (12 bytes)
Event: 4.773 Thread 0x0000021d71f0c000 nmethod 2808 0x0000021d5b83c190 code [0x0000021d5b83c3a0, 0x0000021d5b83c8c8]
Event: 4.773 Thread 0x0000021d71f0c000 2809       3       java.util.zip.ZipFile$ZipEntryIterator::hasMoreElements (5 bytes)
Event: 4.774 Thread 0x0000021d71f0c000 nmethod 2809 0x0000021d5b83ca90 code [0x0000021d5b83cc40, 0x0000021d5b83ce18]
Event: 4.774 Thread 0x0000021d71f0c000 2810       3       java.util.zip.ZipFile$ZipEntryIterator::nextElement (5 bytes)
Event: 4.774 Thread 0x0000021d71f0c000 nmethod 2810 0x0000021d5b83cf10 code [0x0000021d5b83d0e0, 0x0000021d5b83d288]
Event: 4.776 Thread 0x0000021d71f00000 nmethod 2807 0x0000021d6292ff10 code [0x0000021d629300a0, 0x0000021d629302d8]
Event: 4.776 Thread 0x0000021d71f00000 2803       4       java.util.zip.ZipEntry::<init> (79 bytes)
Event: 4.777 Thread 0x0000021d71f00000 nmethod 2803 0x0000021d62930410 code [0x0000021d629305a0, 0x0000021d62930738]

GC Heap History (10 events):
Event: 1.486 GC heap before
{Heap before GC invocations=0 (full 0):
 garbage-first heap   total 129024K, used 29696K [0x0000000080000000, 0x0000000100000000)
  region size 1024K, 24 young (24576K), 0 survivors (0K)
 Metaspace       used 10199K, capacity 10435K, committed 10624K, reserved 1058816K
  class space    used 1067K, capacity 1138K, committed 1152K, reserved 1048576K
}
Event: 1.490 GC heap after
{Heap after GC invocations=1 (full 0):
 garbage-first heap   total 129024K, used 9409K [0x0000000080000000, 0x0000000100000000)
  region size 1024K, 3 young (3072K), 3 survivors (3072K)
 Metaspace       used 10199K, capacity 10435K, committed 10624K, reserved 1058816K
  class space    used 1067K, capacity 1138K, committed 1152K, reserved 1048576K
}
Event: 3.083 GC heap before
{Heap before GC invocations=1 (full 0):
 garbage-first heap   total 129024K, used 80065K [0x0000000080000000, 0x0000000100000000)
  region size 1024K, 72 young (73728K), 3 survivors (3072K)
 Metaspace       used 17368K, capacity 17748K, committed 17792K, reserved 1064960K
  class space    used 2039K, capacity 2155K, committed 2176K, reserved 1048576K
}
Event: 3.088 GC heap after
{Heap after GC invocations=2 (full 0):
 garbage-first heap   total 129024K, used 16299K [0x0000000080000000, 0x0000000100000000)
  region size 1024K, 9 young (9216K), 9 survivors (9216K)
 Metaspace       used 17368K, capacity 17748K, committed 17792K, reserved 1064960K
  class space    used 2039K, capacity 2155K, committed 2176K, reserved 1048576K
}
Event: 3.360 GC heap before
{Heap before GC invocations=2 (full 0):
 garbage-first heap   total 129024K, used 44971K [0x0000000080000000, 0x0000000100000000)
  region size 1024K, 38 young (38912K), 9 survivors (9216K)
 Metaspace       used 20652K, capacity 21116K, committed 21296K, reserved 1069056K
  class space    used 2535K, capacity 2660K, committed 2688K, reserved 1048576K
}
Event: 3.368 GC heap after
{Heap after GC invocations=3 (full 0):
 garbage-first heap   total 129024K, used 17237K [0x0000000080000000, 0x0000000100000000)
  region size 1024K, 2 young (2048K), 2 survivors (2048K)
 Metaspace       used 20652K, capacity 21116K, committed 21296K, reserved 1069056K
  class space    used 2535K, capacity 2660K, committed 2688K, reserved 1048576K
}
Event: 3.900 GC heap before
{Heap before GC invocations=4 (full 0):
 garbage-first heap   total 129024K, used 68437K [0x0000000080000000, 0x0000000100000000)
  region size 1024K, 52 young (53248K), 2 survivors (2048K)
 Metaspace       used 25932K, capacity 26584K, committed 26752K, reserved 1073152K
  class space    used 3396K, capacity 3617K, committed 3712K, reserved 1048576K
}
Event: 3.903 GC heap after
{Heap after GC invocations=5 (full 0):
 garbage-first heap   total 129024K, used 19035K [0x0000000080000000, 0x0000000100000000)
  region size 1024K, 4 young (4096K), 4 survivors (4096K)
 Metaspace       used 25932K, capacity 26584K, committed 26752K, reserved 1073152K
  class space    used 3396K, capacity 3617K, committed 3712K, reserved 1048576K
}
Event: 4.651 GC heap before
{Heap before GC invocations=5 (full 0):
 garbage-first heap   total 129024K, used 75355K [0x0000000080000000, 0x0000000100000000)
  region size 1024K, 59 young (60416K), 4 survivors (4096K)
 Metaspace       used 33067K, capacity 33750K, committed 33792K, reserved 1079296K
  class space    used 4315K, capacity 4607K, committed 4608K, reserved 1048576K
}
Event: 4.656 GC heap after
{Heap after GC invocations=6 (full 0):
 garbage-first heap   total 129024K, used 21938K [0x0000000080000000, 0x0000000100000000)
  region size 1024K, 6 young (6144K), 6 survivors (6144K)
 Metaspace       used 33067K, capacity 33750K, committed 33792K, reserved 1079296K
  class space    used 4315K, capacity 4607K, committed 4608K, reserved 1048576K
}

Deoptimization events (20 events):
Event: 4.423 Thread 0x0000021d733eb000 DEOPT PACKING pc=0x0000021d5b5d999b sp=0x000000524a5f9160
Event: 4.423 Thread 0x0000021d733eb000 DEOPT UNPACKING pc=0x0000021d5ad16dde sp=0x000000524a5f85d0 mode 0
Event: 4.424 Thread 0x0000021d733eb000 DEOPT PACKING pc=0x0000021d5b5d999b sp=0x000000524a5f9160
Event: 4.424 Thread 0x0000021d733eb000 DEOPT UNPACKING pc=0x0000021d5ad16dde sp=0x000000524a5f85d0 mode 0
Event: 4.424 Thread 0x0000021d733eb000 DEOPT PACKING pc=0x0000021d5b5d999b sp=0x000000524a5f9160
Event: 4.424 Thread 0x0000021d733eb000 DEOPT UNPACKING pc=0x0000021d5ad16dde sp=0x000000524a5f85d0 mode 0
Event: 4.619 Thread 0x0000021d733eb000 Uncommon trap: trap_request=0xffffff4d fr.pc=0x0000021d628ba080 relative=0x00000000000056e0
Event: 4.620 Thread 0x0000021d733eb000 Uncommon trap: reason=unstable_if action=reinterpret pc=0x0000021d628ba080 method=jdk.internal.loader.BuiltinClassLoader.loadClassOrNull(Ljava/lang/String;Z)Ljava/lang/Class; @ 42 c2
Event: 4.620 Thread 0x0000021d733eb000 DEOPT PACKING pc=0x0000021d628ba080 sp=0x000000524a5f5040
Event: 4.620 Thread 0x0000021d733eb000 DEOPT UNPACKING pc=0x0000021d5ad1662f sp=0x000000524a5f4ed0 mode 2
Event: 4.650 Thread 0x0000021d733eb000 DEOPT PACKING pc=0x0000021d5b70bf91 sp=0x000000524a5f91e0
Event: 4.650 Thread 0x0000021d733eb000 DEOPT UNPACKING pc=0x0000021d5ad16dde sp=0x000000524a5f86c0 mode 0
Event: 4.762 Thread 0x0000021d733eb000 Uncommon trap: trap_request=0xffffff4d fr.pc=0x0000021d628b13b0 relative=0x0000000000000290
Event: 4.762 Thread 0x0000021d733eb000 Uncommon trap: reason=unstable_if action=reinterpret pc=0x0000021d628b13b0 method=jdk.internal.org.objectweb.asm.Type.getArgumentsAndReturnSizes(Ljava/lang/String;)I @ 136 c2
Event: 4.762 Thread 0x0000021d733eb000 DEOPT PACKING pc=0x0000021d628b13b0 sp=0x000000524a5f6040
Event: 4.762 Thread 0x0000021d733eb000 DEOPT UNPACKING pc=0x0000021d5ad1662f sp=0x000000524a5f5fd8 mode 2
Event: 4.769 Thread 0x0000021d733eb000 Uncommon trap: trap_request=0xffffff4d fr.pc=0x0000021d62859844 relative=0x0000000000000084
Event: 4.769 Thread 0x0000021d733eb000 Uncommon trap: reason=unstable_if action=reinterpret pc=0x0000021d62859844 method=jdk.internal.loader.URLClassPath$JarLoader.getResource(Ljava/lang/String;ZLjava/util/Set;)Ljdk/internal/loader/Resource; @ 17 c2
Event: 4.769 Thread 0x0000021d733eb000 DEOPT PACKING pc=0x0000021d62859844 sp=0x000000524a5f4eb0
Event: 4.769 Thread 0x0000021d733eb000 DEOPT UNPACKING pc=0x0000021d5ad1662f sp=0x000000524a5f4df8 mode 2

Classes redefined (0 events):
No events

Internal exceptions (20 events):
Event: 3.977 Thread 0x0000021d733eb000 Exception <a 'java/lang/NoSuchMethodError'{0x0000000087326728}: 'java.lang.Object java.lang.invoke.Invokers$Holder.linkToTargetMethod(java.lang.Object, java.lang.Object, java.lang.Object, java.lang.Object, java.lang.Object, java.lang.Object, java.lang.Object, java.lang.Object, java.lang.Object, java.lang.Object, java.lang.Object, java.lang.Object)'> (0x0000000087326728) thrown at [./src/hotspot/share/interpreter/linkResolver.cpp, line 773]
Event: 3.981 Thread 0x0000021d733eb000 Exception <a 'java/lang/NoSuchMethodError'{0x00000000873b8800}: 'java.lang.Object java.lang.invoke.DirectMethodHandle$Holder.invokeStaticInit(java.lang.Object, java.lang.Object, java.lang.Object, java.lang.Object)'> (0x00000000873b8800) thrown at [./src/hotspot/share/interpreter/linkResolver.cpp, line 773]
Event: 4.055 Thread 0x0000021d733eb000 Implicit null exception at 0x0000021d6289d575 to 0x0000021d6289d73c
Event: 4.168 Thread 0x0000021d733eb000 Exception <a 'java/lang/NoSuchMethodError'{0x00000000861694f0}: 'java.lang.Object java.lang.invoke.Invokers$Holder.linkToTargetMethod(java.lang.Object, java.lang.Object, java.lang.Object, java.lang.Object, java.lang.Object, java.lang.Object, java.lang.Object, java.lang.Object)'> (0x00000000861694f0) thrown at [./src/hotspot/share/interpreter/linkResolver.cpp, line 773]
Event: 4.171 Thread 0x0000021d733eb000 Exception <a 'java/lang/NoSuchMethodError'{0x000000008619ea20}: 'java.lang.Object java.lang.invoke.DirectMethodHandle$Holder.invokeVirtual(java.lang.Object, java.lang.Object, java.lang.Object)'> (0x000000008619ea20) thrown at [./src/hotspot/share/interpreter/linkResolver.cpp, line 773]
Event: 4.186 Thread 0x0000021d733eb000 Exception <a 'java/lang/NoSuchMethodError'{0x000000008607b048}: 'java.lang.Object java.lang.invoke.Invokers$Holder.linkToTargetMethod(java.lang.Object, java.lang.Object, java.lang.Object, java.lang.Object, java.lang.Object, java.lang.Object, java.lang.Object)'> (0x000000008607b048) thrown at [./src/hotspot/share/interpreter/linkResolver.cpp, line 773]
Event: 4.189 Thread 0x0000021d733eb000 Exception <a 'java/lang/IncompatibleClassChangeError'{0x00000000860bb278}: Found class java.lang.Object, but interface was expected> (0x00000000860bb278) thrown at [./src/hotspot/share/interpreter/linkResolver.cpp, line 839]
Event: 4.237 Thread 0x0000021d733eb000 Exception <a 'java/lang/NoSuchMethodError'{0x0000000085c61f40}: 'int java.lang.invoke.DirectMethodHandle$Holder.invokeVirtual(java.lang.Object, java.lang.Object)'> (0x0000000085c61f40) thrown at [./src/hotspot/share/interpreter/linkResolver.cpp, line 773]
Event: 4.512 Thread 0x0000021d733eb000 Exception <a 'java/lang/NoSuchMethodError'{0x0000000084c845b0}: 'void java.lang.invoke.DirectMethodHandle$Holder.invokeStaticInit(java.lang.Object, java.lang.Object, java.lang.Object)'> (0x0000000084c845b0) thrown at [./src/hotspot/share/interpreter/linkResolver.cpp, line 773]
Event: 4.512 Thread 0x0000021d733eb000 Exception <a 'java/lang/NoSuchMethodError'{0x0000000084c8b388}: 'void java.lang.invoke.DirectMethodHandle$Holder.invokeStaticInit(java.lang.Object, java.lang.Object, java.lang.Object, java.lang.Object)'> (0x0000000084c8b388) thrown at [./src/hotspot/share/interpreter/linkResolver.cpp, line 773]
Event: 4.515 Thread 0x0000021d733eb000 Exception <a 'java/lang/NoSuchMethodError'{0x0000000084cad9e0}: 'void java.lang.invoke.DirectMethodHandle$Holder.invokeStaticInit(java.lang.Object, java.lang.Object, java.lang.Object, java.lang.Object, java.lang.Object)'> (0x0000000084cad9e0) thrown at [./src/hotspot/share/interpreter/linkResolver.cpp, line 773]
Event: 4.547 Thread 0x0000021d733eb000 Exception <a 'java/lang/NoSuchMethodError'{0x0000000084b10178}: 'int java.lang.invoke.DirectMethodHandle$Holder.invokeStaticInit(java.lang.Object, java.lang.Object, java.lang.Object, java.lang.Object)'> (0x0000000084b10178) thrown at [./src/hotspot/share/interpreter/linkResolver.cpp, line 773]
Event: 4.763 Thread 0x0000021d733eb000 Exception <a 'java/lang/NoSuchMethodError'{0x0000000087b8c568}: 'java.lang.Object java.lang.invoke.DirectMethodHandle$Holder.invokeStatic(java.lang.Object, java.lang.Object, java.lang.Object, java.lang.Object, java.lang.Object, java.lang.Object, java.lang.Object, java.lang.Object, java.lang.Object, java.lang.Object, java.lang.Object, int)'> (0x0000000087b8c568) thrown at [./src/hotspot/share/interpreter/linkResolver.cpp, line 773]
Event: 4.764 Thread 0x0000021d733eb000 Exception <a 'java/lang/NoSuchMethodError'{0x0000000087baaf08}: 'java.lang.Object java.lang.invoke.DirectMethodHandle$Holder.invokeStatic(java.lang.Object, java.lang.Object, java.lang.Object, java.lang.Object, java.lang.Object, java.lang.Object, java.lang.Object, java.lang.Object, java.lang.Object, java.lang.Object, java.lang.Object, int, int)'> (0x0000000087baaf08) thrown at [./src/hotspot/share/interpreter/linkResolver.cpp, line 773]
Event: 4.766 Thread 0x0000021d733eb000 Exception <a 'java/lang/NoSuchMethodError'{0x0000000087bca738}: 'java.lang.Object java.lang.invoke.DirectMethodHandle$Holder.invokeStatic(java.lang.Object, java.lang.Object, java.lang.Object, java.lang.Object, java.lang.Object, java.lang.Object, java.lang.Object, java.lang.Object, java.lang.Object, java.lang.Object, java.lang.Object, int, int, java.lang.Object)'> (0x0000000087bca738) thrown at [./src/hotspot/share/interpreter/linkResolver.cpp, line 773]
Event: 4.768 Thread 0x0000021d733eb000 Exception <a 'java/lang/NoSuchMethodError'{0x0000000087beb830}: 'java.lang.Object java.lang.invoke.DirectMethodHandle$Holder.invokeStatic(java.lang.Object, java.lang.Object, java.lang.Object, java.lang.Object, java.lang.Object, java.lang.Object, java.lang.Object, java.lang.Object, java.lang.Object, java.lang.Object, java.lang.Object, int, int, java.lang.Object, java.lang.Object)'> (0x0000000087beb830) thrown at [./src/hotspot/share/interpreter/linkResolver.cpp, line 773]
Event: 4.771 Thread 0x0000021d733eb000 Exception <a 'java/lang/ClassNotFoundException'{0x0000000087a1aae0}: groovy/lang/ExpandoMetaClassBeanInfo> (0x0000000087a1aae0) thrown at [./src/hotspot/share/classfile/systemDictionary.cpp, line 231]
Event: 4.771 Thread 0x0000021d733eb000 Exception <a 'java/lang/ClassNotFoundException'{0x0000000087a39ab0}: groovy/lang/MetaClassImplBeanInfo> (0x0000000087a39ab0) thrown at [./src/hotspot/share/classfile/systemDictionary.cpp, line 231]
Event: 4.772 Thread 0x0000021d733eb000 Exception <a 'java/lang/ClassNotFoundException'{0x0000000087a42ac0}: java/lang/ObjectBeanInfo> (0x0000000087a42ac0) thrown at [./src/hotspot/share/classfile/systemDictionary.cpp, line 231]
Event: 4.773 Thread 0x0000021d733eb000 Exception <a 'java/lang/ClassNotFoundException'{0x0000000087a4dc68}: java/lang/ObjectCustomizer> (0x0000000087a4dc68) thrown at [./src/hotspot/share/classfile/systemDictionary.cpp, line 231]

Events (20 events):
Event: 4.771 loading class java/lang/ObjectBeanInfo
Event: 4.771 loading class java/lang/ObjectBeanInfo done
Event: 4.772 loading class java/lang/ObjectBeanInfo
Event: 4.772 loading class java/lang/ObjectBeanInfo done
Event: 4.772 loading class java/beans/BeanDescriptor
Event: 4.772 loading class java/beans/BeanDescriptor done
Event: 4.772 loading class java/lang/ObjectCustomizer
Event: 4.772 loading class java/lang/ObjectCustomizer done
Event: 4.773 loading class java/lang/ObjectCustomizer
Event: 4.773 loading class java/lang/ObjectCustomizer done
Event: 4.773 loading class java/beans/JavaBean
Event: 4.773 loading class java/beans/JavaBean done
Event: 4.773 loading class javax/swing/SwingContainer
Event: 4.773 loading class javax/swing/SwingContainer done
Event: 4.773 loading class com/sun/beans/introspect/ClassInfo
Event: 4.779 loading class com/sun/beans/introspect/ClassInfo done
Event: 4.779 loading class com/sun/beans/introspect/ClassInfo$1
Event: 4.779 loading class com/sun/beans/util/Cache
Event: 4.780 loading class com/sun/beans/util/Cache done
Event: 4.780 loading class com/sun/beans/introspect/ClassInfo$1 done


Dynamic libraries:
0x00007ff6738f0000 - 0x00007ff6738fa000 	F:\androidReverse\AndroidStudio\jre\bin\java.exe
0x00007ff99a2e0000 - 0x00007ff99a4d0000 	C:\Windows\SYSTEM32\ntdll.dll
0x00007ff998bd0000 - 0x00007ff998c82000 	C:\Windows\System32\KERNEL32.DLL
0x00007ff997d70000 - 0x00007ff998015000 	C:\Windows\System32\KERNELBASE.dll
0x00007ff9980d0000 - 0x00007ff9981ca000 	C:\Windows\System32\ucrtbase.dll
0x00007ff991af0000 - 0x00007ff991b09000 	F:\androidReverse\AndroidStudio\jre\bin\jli.dll
0x00007ff998e00000 - 0x00007ff998f94000 	C:\Windows\System32\USER32.dll
0x00007ff9979d0000 - 0x00007ff9979f1000 	C:\Windows\System32\win32u.dll
0x00007ff97b920000 - 0x00007ff97bba4000 	C:\Windows\WinSxS\amd64_microsoft.windows.common-controls_6595b64144ccf1df_6.0.18362.1556_none_9e7e372fe45e41d5\COMCTL32.dll
0x00007ff99a0c0000 - 0x00007ff99a0e6000 	C:\Windows\System32\GDI32.dll
0x00007ff999470000 - 0x00007ff99950e000 	C:\Windows\System32\msvcrt.dll
0x00007ff997bd0000 - 0x00007ff997d68000 	C:\Windows\System32\gdi32full.dll
0x00007ff997a30000 - 0x00007ff997ace000 	C:\Windows\System32\msvcp_win.dll
0x00007ff999130000 - 0x00007ff999466000 	C:\Windows\System32\combase.dll
0x00007ff999770000 - 0x00007ff99988f000 	C:\Windows\System32\RPCRT4.dll
0x00007ff997ad0000 - 0x00007ff997b51000 	C:\Windows\System32\bcryptPrimitives.dll
0x00007ff98fa90000 - 0x00007ff98faa7000 	F:\androidReverse\AndroidStudio\jre\bin\VCRUNTIME140.dll
0x00007ff999f80000 - 0x00007ff999fae000 	C:\Windows\System32\IMM32.DLL
0x00007ff97e260000 - 0x00007ff97e2fd000 	F:\androidReverse\AndroidStudio\jre\bin\msvcp140.dll
0x00007ff930950000 - 0x00007ff931425000 	F:\androidReverse\AndroidStudio\jre\bin\server\jvm.dll
0x00007ff999590000 - 0x00007ff999633000 	C:\Windows\System32\ADVAPI32.dll
0x00007ff999010000 - 0x00007ff9990a7000 	C:\Windows\System32\sechost.dll
0x00007ff999580000 - 0x00007ff999588000 	C:\Windows\System32\PSAPI.DLL
0x00007ff985940000 - 0x00007ff985949000 	C:\Windows\SYSTEM32\WSOCK32.dll
0x00007ff994820000 - 0x00007ff994844000 	C:\Windows\SYSTEM32\WINMM.dll
0x00007ff9915b0000 - 0x00007ff9915ba000 	C:\Windows\SYSTEM32\VERSION.dll
0x00007ff9947f0000 - 0x00007ff99481d000 	C:\Windows\SYSTEM32\WINMMBASE.dll
0x00007ff997b80000 - 0x00007ff997bca000 	C:\Windows\System32\cfgmgr32.dll
0x00007ff999510000 - 0x00007ff99957f000 	C:\Windows\System32\WS2_32.dll
0x00007ff997210000 - 0x00007ff997221000 	C:\Windows\System32\kernel.appcore.dll
0x00007ff97b1a0000 - 0x00007ff97b1b1000 	F:\androidReverse\AndroidStudio\jre\bin\verify.dll
0x00007ff989050000 - 0x00007ff989244000 	C:\Windows\SYSTEM32\DBGHELP.DLL
0x00007ff985950000 - 0x00007ff98597a000 	C:\Windows\SYSTEM32\dbgcore.DLL
0x00007ff978240000 - 0x00007ff978269000 	F:\androidReverse\AndroidStudio\jre\bin\java.dll
0x00007ff995760000 - 0x00007ff99576b000 	F:\androidReverse\AndroidStudio\jre\bin\jimage.dll
0x00007ff978f50000 - 0x00007ff978f68000 	F:\androidReverse\AndroidStudio\jre\bin\zip.dll
0x00007ff999890000 - 0x00007ff999f77000 	C:\Windows\System32\SHELL32.dll
0x00007ff9983f0000 - 0x00007ff998498000 	C:\Windows\System32\shcore.dll
0x00007ff997250000 - 0x00007ff9979cb000 	C:\Windows\System32\windows.storage.dll
0x00007ff9971f0000 - 0x00007ff99720e000 	C:\Windows\System32\profapi.dll
0x00007ff9971a0000 - 0x00007ff9971ea000 	C:\Windows\System32\powrprof.dll
0x00007ff997190000 - 0x00007ff9971a0000 	C:\Windows\System32\UMPDC.dll
0x00007ff999640000 - 0x00007ff999692000 	C:\Windows\System32\shlwapi.dll
0x00007ff997b60000 - 0x00007ff997b77000 	C:\Windows\System32\cryptsp.dll
0x00007ff976bb0000 - 0x00007ff976bca000 	F:\androidReverse\AndroidStudio\jre\bin\net.dll
0x00007ff995300000 - 0x00007ff9953fa000 	C:\Windows\SYSTEM32\WINHTTP.dll
0x00007ff9969d0000 - 0x00007ff996a37000 	C:\Windows\system32\mswsock.dll
0x00007ff976b20000 - 0x00007ff976b34000 	F:\androidReverse\AndroidStudio\jre\bin\nio.dll
0x00007ff98fab0000 - 0x00007ff98fad7000 	C:\Users\30312\.gradle\native\e1d6ef7f7dcc3fd88c89a11ec53ec762bb8ba0a96d01ffa2cd45eb1d1d8dd5c5\windows-amd64\native-platform.dll
0x00007ff96fdb0000 - 0x00007ff96fef4000 	C:\Users\30312\.gradle\native\5664cfc778a61ccfe75a443a1ab52a65af34e5dc3c78e0209fed803814484fcb\windows-amd64\native-platform-file-events.dll
0x00007ff995570000 - 0x00007ff99557a000 	F:\androidReverse\AndroidStudio\jre\bin\management.dll
0x00007ff98ff50000 - 0x00007ff98ff5d000 	F:\androidReverse\AndroidStudio\jre\bin\management_ext.dll
0x00007ff9964f0000 - 0x00007ff996523000 	C:\Windows\system32\rsaenh.dll
0x00007ff997a00000 - 0x00007ff997a26000 	C:\Windows\System32\bcrypt.dll
0x00007ff997080000 - 0x00007ff9970a5000 	C:\Windows\SYSTEM32\USERENV.dll
0x00007ff996ba0000 - 0x00007ff996bac000 	C:\Windows\SYSTEM32\CRYPTBASE.dll
0x00007ff996680000 - 0x00007ff9966ba000 	C:\Windows\SYSTEM32\IPHLPAPI.DLL
0x00007ff998b40000 - 0x00007ff998b48000 	C:\Windows\System32\NSI.dll
0x00007ff98a2b0000 - 0x00007ff98a2c6000 	C:\Windows\SYSTEM32\dhcpcsvc6.DLL
0x00007ff98a290000 - 0x00007ff98a2ac000 	C:\Windows\SYSTEM32\dhcpcsvc.DLL
0x00007ff996720000 - 0x00007ff9967eb000 	C:\Windows\SYSTEM32\DNSAPI.dll

dbghelp: loaded successfully - version: 4.0.5 - missing functions: none
symbol engine: initialized successfully - sym options: 0x614 - pdb path: .;F:\androidReverse\AndroidStudio\jre\bin;C:\Windows\SYSTEM32;C:\Windows\WinSxS\amd64_microsoft.windows.common-controls_6595b64144ccf1df_6.0.18362.1556_none_9e7e372fe45e41d5;F:\androidReverse\AndroidStudio\jre\bin\server;C:\Users\30312\.gradle\native\e1d6ef7f7dcc3fd88c89a11ec53ec762bb8ba0a96d01ffa2cd45eb1d1d8dd5c5\windows-amd64;C:\Users\30312\.gradle\native\5664cfc778a61ccfe75a443a1ab52a65af34e5dc3c78e0209fed803814484fcb\windows-amd64

VM Arguments:
jvm_args: --add-opens=java.base/java.util=ALL-UNNAMED --add-opens=java.base/java.lang=ALL-UNNAMED --add-opens=java.base/java.lang.invoke=ALL-UNNAMED --add-opens=java.base/java.util=ALL-UNNAMED --add-opens=java.prefs/java.util.prefs=ALL-UNNAMED --add-opens=java.prefs/java.util.prefs=ALL-UNNAMED --add-opens=java.base/java.nio.charset=ALL-UNNAMED --add-opens=java.base/java.net=ALL-UNNAMED --add-opens=java.base/java.util.concurrent.atomic=ALL-UNNAMED -Xmx2048m -Dfile.encoding=UTF-8 -Duser.country=CN -Duser.language=zh -Duser.variant 
java_command: org.gradle.launcher.daemon.bootstrap.GradleDaemon 7.2
java_class_path (initial): C:\Users\30312\.gradle\wrapper\dists\gradle-7.2-bin\2dnblmf4td7x66yl1d74lt32g\gradle-7.2\lib\gradle-launcher-7.2.jar
Launcher Type: SUN_STANDARD

[Global flags]
     intx CICompilerCount                          = 4                                         {product} {ergonomic}
     uint ConcGCThreads                            = 2                                         {product} {ergonomic}
     uint G1ConcRefinementThreads                  = 8                                         {product} {ergonomic}
   size_t G1HeapRegionSize                         = 1048576                                   {product} {ergonomic}
    uintx GCDrainStackTargetSize                   = 64                                        {product} {ergonomic}
   size_t InitialHeapSize                          = 132120576                                 {product} {ergonomic}
   size_t MarkStackSize                            = 4194304                                   {product} {ergonomic}
   size_t MaxHeapSize                              = 2147483648                                {product} {command line}
   size_t MaxNewSize                               = 1287651328                                {product} {ergonomic}
   size_t MinHeapDeltaBytes                        = 1048576                                   {product} {ergonomic}
    uintx NonNMethodCodeHeapSize                   = 5836300                                {pd product} {ergonomic}
    uintx NonProfiledCodeHeapSize                  = 122910970                              {pd product} {ergonomic}
    uintx ProfiledCodeHeapSize                     = 122910970                              {pd product} {ergonomic}
    uintx ReservedCodeCacheSize                    = 251658240                              {pd product} {ergonomic}
     bool SegmentedCodeCache                       = true                                      {product} {ergonomic}
     bool UseCompressedClassPointers               = true                                 {lp64_product} {ergonomic}
     bool UseCompressedOops                        = true                                 {lp64_product} {ergonomic}
     bool UseG1GC                                  = true                                      {product} {ergonomic}
     bool UseLargePagesIndividualAllocation        = false                                  {pd product} {ergonomic}

Logging:
Log output configuration:
 #0: stdout all=warning uptime,level,tags
 #1: stderr all=off uptime,level,tags

Environment Variables:
JAVA_HOME=D:\jdk
CLASSPATH=.;D:\jdk\lib\dt.jar;D:\jdk\lib\tools.jar;
PATH=D:\xshell2\;C:\Program Files (x86)\Common Files\Intel\Shared Libraries\redist\intel64\compiler;C:\Windows\system32;C:\Windows;C:\Windows\System32\Wbem;C:\Windows\System32\WindowsPowerShell\v1.0\;C:\Windows\System32\OpenSSH\;D:\git\Git\cmd;D:\WAMP\bin\php\php7.2.14;F:\node.js\;D:\vrgrant\bin;D:\jdk\bin;F:\ÔÓÏî¹¤¾ß\¹¤¾ßString;F:\ReverseTool\sigdir;D:\Microsoft Visual Studio\VC98\Bin;F:\ncZip\netcat-win32-1.12;D:\python3.7.9;D:\python2.7;F:\Apktool;F:\ÔÓÏî¹¤¾ß\¹¤¾ßbinwalk\binwalk\src\scripts;F:\ÉøÍ¸²âÊÔ\ÄæÏò\graphviz\bin;C:\Program Files\dotnet\;D:\xshell\xshell\;D:\python2.7;C:\Users\30312\AppData\Local\Microsoft\WindowsApps;D:\bandizip\;D:\VsCode1\Microsoft VS Code\bin;C:\Users\30312\AppData\Local\ComposerSetup\bin;C:\Users\30312\AppData\Roaming\Composer\vendor\bin;C:\Users\30312\AppData\Roaming\npm;D:\wamp\bin\mysql\mysql5.7.31\bin;D:\python3.7.9\Scripts;C:\Users\30312\.dotnet\tools;F:\androidReverse\Fiddler;D:\jdk\bin;D:\jdk\jre\bin;F:\mitmproxy\bin;F:\AppData\jdk\platform-tools\;
USERNAME=30312
OS=Windows_NT
PROCESSOR_IDENTIFIER=Intel64 Family 6 Model 142 Stepping 10, GenuineIntel



---------------  S Y S T E M  ---------------

OS: Windows 10 , 64 bit Build 18362 (10.0.18362.1500)
OS uptime: 2 days 1:10 hours

CPU:total 8 (initial active 8) (4 cores per cpu, 2 threads per core) family 6 model 142 stepping 10 microcode 0xe0, cmov, cx8, fxsr, mmx, sse, sse2, sse3, ssse3, sse4.1, sse4.2, popcnt, avx, avx2, aes, clmul, erms, 3dnowpref, lzcnt, ht, tsc, tscinvbit, bmi1, bmi2, adx, fma

Memory: 4k page, system-wide physical 8023M (1058M free)
TotalPageFile size 23233M (AvailPageFile size 18M)
current process WorkingSet (physical memory assigned to process): 247M, peak: 261M
current process commit charge ("private bytes"): 313M, peak: 327M

vm_info: OpenJDK 64-Bit Server VM (11.0.11+9-b60-7590822) for windows-amd64 JRE (11.0.11+9-b60-7590822), built on Jul 29 2021 21:43:44 by "builder" with MS VC++ 14.0 (VS2015)

END.
