#
# There is insufficient memory for the Java Runtime Environment to continue.
# Native memory allocation (malloc) failed to allocate 2318736 bytes for Chunk::new
# Possible reasons:
#   The system is out of physical RAM or swap space
#   The process is running with CompressedOops enabled, and the Java Heap may be blocking the growth of the native heap
# Possible solutions:
#   Reduce memory load on the system
#   Increase physical memory or swap space
#   Check if swap backing store is full
#   Decrease Java heap size (-Xmx/-Xms)
#   Decrease number of Java threads
#   Decrease Java thread stack sizes (-Xss)
#   Set larger code cache with -XX:ReservedCodeCacheSize=
#   JVM is running with Unscaled Compressed Oops mode in which the Java heap is
#     placed in the first 4GB address space. The Java Heap base address is the
#     maximum limit for the native heap growth. Please use -XX:HeapBaseMinAddress
#     to set the Java Heap base and to place the Java Heap above 4GB virtual address.
# This output file may be truncated or incomplete.
#
#  Out of Memory Error (./src/hotspot/share/memory/arena.cpp:197), pid=5676, tid=8148
#
# JRE version: OpenJDK Runtime Environment (11.0.11+9) (build 11.0.11+9-b60-7590822)
# Java VM: OpenJDK 64-Bit Server VM (11.0.11+9-b60-7590822, mixed mode, tiered, compressed oops, g1 gc, windows-amd64)
# No core dump will be written. Minidumps are not enabled by default on client versions of Windows
#

---------------  S U M M A R Y ------------

Command Line: --add-opens=java.base/java.util=ALL-UNNAMED --add-opens=java.base/java.lang=ALL-UNNAMED --add-opens=java.base/java.lang.invoke=ALL-UNNAMED --add-opens=java.base/java.util=ALL-UNNAMED --add-opens=java.prefs/java.util.prefs=ALL-UNNAMED --add-opens=java.prefs/java.util.prefs=ALL-UNNAMED --add-opens=java.base/java.nio.charset=ALL-UNNAMED --add-opens=java.base/java.net=ALL-UNNAMED --add-opens=java.base/java.util.concurrent.atomic=ALL-UNNAMED -Xmx2048m -Dfile.encoding=UTF-8 -Duser.country=CN -Duser.language=zh -Duser.variant org.gradle.launcher.daemon.bootstrap.GradleDaemon 7.2

Host: Intel(R) Core(TM) i5-8250U CPU @ 1.60GHz, 8 cores, 7G,  Windows 10 , 64 bit Build 18362 (10.0.18362.1500)
Time: Wed Jan 11 00:06:17 2023 ?D1¨²¡À¨º¡Á?¨º¡À?? elapsed time: 10.765670 seconds (0d 0h 0m 10s)

---------------  T H R E A D  ---------------

Current thread (0x0000018109710800):  JavaThread "C2 CompilerThread1" daemon [_thread_in_native, id=8148, stack(0x0000005e4bb00000,0x0000005e4bc00000)]


Current CompileTask:
C2:  10765 5728   !   4       com.google.common.reflect.TypeVisitor::visit (244 bytes)

Stack: [0x0000005e4bb00000,0x0000005e4bc00000]
Native frames: (J=compiled Java code, j=interpreted, Vv=VM code, C=native code)
V  [jvm.dll+0x5f214a]
V  [jvm.dll+0x726fb5]
V  [jvm.dll+0x7285cd]
V  [jvm.dll+0x728c83]
V  [jvm.dll+0x243278]
V  [jvm.dll+0xbc53c]
V  [jvm.dll+0xbca3c]
V  [jvm.dll+0x353e3b]
V  [jvm.dll+0x321893]
V  [jvm.dll+0x320d8a]
V  [jvm.dll+0x1fc1e2]
V  [jvm.dll+0x1fb3d4]
V  [jvm.dll+0x183d6c]
V  [jvm.dll+0x209a57]
V  [jvm.dll+0x2082a1]
V  [jvm.dll+0x6ef58f]
V  [jvm.dll+0x6e80b5]
V  [jvm.dll+0x5f1036]
C  [ucrtbase.dll+0x210b2]
C  [KERNEL32.DLL+0x17c24]
C  [ntdll.dll+0x6d721]


---------------  P R O C E S S  ---------------

Threads class SMR info:
_java_thread_list=0x0000018105a0e970, length=122, elements={
0x0000018165ff4000, 0x0000018102d31800, 0x0000018102d3a800, 0x000001810251f800,
0x0000018102d87000, 0x0000018102d8c000, 0x0000018102d8e800, 0x0000018102d91800,
0x0000018102d92800, 0x0000018102efb000, 0x00000181055cf800, 0x00000181055d0800,
0x00000181055cb800, 0x00000181055ce800, 0x00000181055ca800, 0x00000181055cc000,
0x00000181055ce000, 0x00000181055cd000, 0x00000181055d1000, 0x0000018105805000,
0x0000018105805800, 0x0000018105806800, 0x0000018105807800, 0x0000018105804000,
0x0000018105803000, 0x0000018105801800, 0x0000018105802800, 0x000001810580a800,
0x000001810580e000, 0x0000018105809000, 0x000001810580c000, 0x000001810580d000,
0x000001810580e800, 0x0000018105810000, 0x0000018108f7a800, 0x0000018108f7c000,
0x0000018108f7e000, 0x0000018108f7b800, 0x0000018108f78000, 0x0000018108f7e800,
0x0000018108f79000, 0x0000018108f7a000, 0x0000018105281000, 0x0000018105282800,
0x0000018105284000, 0x0000018105281800, 0x0000018105283800, 0x0000018105285000,
0x000001810527f800, 0x0000018105286000, 0x0000018105280000, 0x000001810528a000,
0x000001810528b800, 0x0000018105287800, 0x0000018105289000, 0x000001810528a800,
0x000001810528c800, 0x0000018105286800, 0x000001810528e000, 0x000001810528d000,
0x0000018105288800, 0x000001810420e800, 0x000001810420d000, 0x000001810420b800,
0x0000018104209800, 0x0000018104210000, 0x000001810420a800, 0x0000018104211000,
0x000001810420f800, 0x000001810420d800, 0x0000018104212000, 0x000001810420c000,
0x0000018104216000, 0x0000018104216800, 0x0000018104214800, 0x0000018104217800,
0x0000018104218800, 0x0000018104213800, 0x0000018104212800, 0x0000018104215000,
0x00000181031ec800, 0x00000181031f0000, 0x00000181031eb000, 0x00000181031f1000,
0x00000181031ee800, 0x00000181031f1800, 0x00000181031ef000, 0x00000181031ec000,
0x00000181031ed800, 0x00000181031f2800, 0x00000181031f9000, 0x00000181031f4000,
0x00000181031f8000, 0x00000181031f5800, 0x00000181031f5000, 0x00000181031f6800,
0x00000181031f7800, 0x00000181031f3000, 0x00000181031f9800, 0x000001810652d800,
0x000001810652f000, 0x000001810652c000, 0x000001810652e800, 0x0000018106529800,
0x000001810652c800, 0x000001810652b000, 0x000001810652a000, 0x0000018106530000,
0x0000018106535800, 0x0000018106535000, 0x0000018106532800, 0x0000018106536800,
0x0000018106530800, 0x0000018106537800, 0x0000018106533000, 0x0000018106534000,
0x0000018106531800, 0x0000018106538000, 0x00000181057d6000, 0x00000181057d7800,
0x00000181057d8800, 0x0000018109710800
}

Java Threads: ( => current thread )
  0x0000018165ff4000 JavaThread "main" [_thread_blocked, id=13136, stack(0x0000005e43800000,0x0000005e43900000)]
  0x0000018102d31800 JavaThread "Reference Handler" daemon [_thread_blocked, id=11948, stack(0x0000005e43f00000,0x0000005e44000000)]
  0x0000018102d3a800 JavaThread "Finalizer" daemon [_thread_blocked, id=14044, stack(0x0000005e44000000,0x0000005e44100000)]
  0x000001810251f800 JavaThread "Signal Dispatcher" daemon [_thread_blocked, id=12144, stack(0x0000005e44100000,0x0000005e44200000)]
  0x0000018102d87000 JavaThread "Attach Listener" daemon [_thread_blocked, id=12004, stack(0x0000005e44200000,0x0000005e44300000)]
  0x0000018102d8c000 JavaThread "Service Thread" daemon [_thread_blocked, id=3116, stack(0x0000005e44300000,0x0000005e44400000)]
  0x0000018102d8e800 JavaThread "C2 CompilerThread0" daemon [_thread_in_native, id=10540, stack(0x0000005e44400000,0x0000005e44500000)]
  0x0000018102d91800 JavaThread "C1 CompilerThread0" daemon [_thread_blocked, id=1164, stack(0x0000005e44500000,0x0000005e44600000)]
  0x0000018102d92800 JavaThread "Sweeper thread" daemon [_thread_blocked, id=12588, stack(0x0000005e44600000,0x0000005e44700000)]
  0x0000018102efb000 JavaThread "Common-Cleaner" daemon [_thread_blocked, id=8312, stack(0x0000005e44700000,0x0000005e44800000)]
  0x00000181055cf800 JavaThread "Daemon health stats" [_thread_blocked, id=2592, stack(0x0000005e44d00000,0x0000005e44e00000)]
  0x00000181055d0800 JavaThread "Incoming local TCP Connector on port 50199" [_thread_in_native, id=14072, stack(0x0000005e44900000,0x0000005e44a00000)]
  0x00000181055cb800 JavaThread "Daemon periodic checks" [_thread_blocked, id=8736, stack(0x0000005e44c00000,0x0000005e44d00000)]
  0x00000181055ce800 JavaThread "Daemon" [_thread_blocked, id=8012, stack(0x0000005e44e00000,0x0000005e44f00000)]
  0x00000181055ca800 JavaThread "Handler for socket connection from /127.0.0.1:50199 to /127.0.0.1:50200" [_thread_in_native, id=10480, stack(0x0000005e44f00000,0x0000005e45000000)]
  0x00000181055cc000 JavaThread "Cancel handler" [_thread_blocked, id=7692, stack(0x0000005e45000000,0x0000005e45100000)]
  0x00000181055ce000 JavaThread "Daemon worker" [_thread_in_vm, id=10316, stack(0x0000005e45100000,0x0000005e45200000)]
  0x00000181055cd000 JavaThread "Asynchronous log dispatcher for DefaultDaemonConnection: socket connection from /127.0.0.1:50199 to /127.0.0.1:50200" [_thread_blocked, id=4948, stack(0x0000005e45200000,0x0000005e45300000)]
  0x00000181055d1000 JavaThread "Stdin handler" [_thread_blocked, id=13848, stack(0x0000005e45300000,0x0000005e45400000)]
  0x0000018105805000 JavaThread "Daemon client event forwarder" [_thread_blocked, id=6820, stack(0x0000005e45400000,0x0000005e45500000)]
  0x0000018105805800 JavaThread "Cache worker for journal cache (C:\Users\30312\.gradle\caches\journal-1)" [_thread_blocked, id=12916, stack(0x0000005e45a00000,0x0000005e45b00000)]
  0x0000018105806800 JavaThread "File lock request listener" [_thread_in_native, id=7428, stack(0x0000005e45b00000,0x0000005e45c00000)]
  0x0000018105807800 JavaThread "Cache worker for file hash cache (C:\Users\30312\.gradle\caches\7.2\fileHashes)" [_thread_blocked, id=3548, stack(0x0000005e45c00000,0x0000005e45d00000)]
  0x0000018105804000 JavaThread "Cache worker for file hash cache (F:\KotlinLearn\comicsProject\.gradle\7.2\fileHashes)" [_thread_blocked, id=13960, stack(0x0000005e45f00000,0x0000005e46000000)]
  0x0000018105803000 JavaThread "File watcher server" daemon [_thread_in_native, id=10320, stack(0x0000005e46000000,0x0000005e46100000)]
  0x0000018105801800 JavaThread "File watcher consumer" daemon [_thread_blocked, id=10500, stack(0x0000005e46100000,0x0000005e46200000)]
  0x0000018105802800 JavaThread "Cache worker for checksums cache (F:\KotlinLearn\comicsProject\.gradle\checksums)" [_thread_blocked, id=3632, stack(0x0000005e46200000,0x0000005e46300000)]
  0x000001810580a800 JavaThread "Cache worker for cache directory md-supplier (C:\Users\30312\.gradle\caches\7.2\md-supplier)" [_thread_blocked, id=5196, stack(0x0000005e46300000,0x0000005e46400000)]
  0x000001810580e000 JavaThread "Cache worker for cache directory md-rule (C:\Users\30312\.gradle\caches\7.2\md-rule)" [_thread_blocked, id=10596, stack(0x0000005e46400000,0x0000005e46500000)]
  0x0000018105809000 JavaThread "Cache worker for execution history cache (C:\Users\30312\.gradle\caches\7.2\executionHistory)" [_thread_blocked, id=4060, stack(0x0000005e46600000,0x0000005e46700000)]
  0x000001810580c000 JavaThread "jar transforms" [_thread_blocked, id=10784, stack(0x0000005e46700000,0x0000005e46800000)]
  0x000001810580d000 JavaThread "jar transforms Thread 2" [_thread_blocked, id=6812, stack(0x0000005e46800000,0x0000005e46900000)]
  0x000001810580e800 JavaThread "Cache worker for file content cache (C:\Users\30312\.gradle\caches\7.2\fileContent)" [_thread_blocked, id=9532, stack(0x0000005e46900000,0x0000005e46a00000)]
  0x0000018105810000 JavaThread "Cache worker for dependencies-accessors (F:\KotlinLearn\comicsProject\.gradle\7.2\dependencies-accessors)" [_thread_blocked, id=3156, stack(0x0000005e46a00000,0x0000005e46b00000)]
  0x0000018108f7a800 JavaThread "jar transforms Thread 3" [_thread_blocked, id=13588, stack(0x0000005e46500000,0x0000005e46600000)]
  0x0000018108f7c000 JavaThread "Cache worker for Build Output Cleanup Cache (F:\KotlinLearn\comicsProject\.gradle\buildOutputCleanup)" [_thread_blocked, id=284, stack(0x0000005e46c00000,0x0000005e46d00000)]
  0x0000018108f7e000 JavaThread "Unconstrained build operations" [_thread_blocked, id=10052, stack(0x0000005e45e00000,0x0000005e45f00000)]
  0x0000018108f7b800 JavaThread "Unconstrained build operations Thread 2" [_thread_blocked, id=10216, stack(0x0000005e46b00000,0x0000005e46c00000)]
  0x0000018108f78000 JavaThread "Unconstrained build operations Thread 3" [_thread_blocked, id=12652, stack(0x0000005e46d00000,0x0000005e46e00000)]
  0x0000018108f7e800 JavaThread "Unconstrained build operations Thread 4" [_thread_blocked, id=8744, stack(0x0000005e46e00000,0x0000005e46f00000)]
  0x0000018108f79000 JavaThread "Unconstrained build operations Thread 5" [_thread_blocked, id=9076, stack(0x0000005e46f00000,0x0000005e47000000)]
  0x0000018108f7a000 JavaThread "Unconstrained build operations Thread 6" [_thread_blocked, id=8116, stack(0x0000005e47000000,0x0000005e47100000)]
  0x0000018105281000 JavaThread "Unconstrained build operations Thread 7" [_thread_blocked, id=13380, stack(0x0000005e47100000,0x0000005e47200000)]
  0x0000018105282800 JavaThread "Unconstrained build operations Thread 8" [_thread_blocked, id=5644, stack(0x0000005e47200000,0x0000005e47300000)]
  0x0000018105284000 JavaThread "Unconstrained build operations Thread 9" [_thread_blocked, id=4380, stack(0x0000005e47300000,0x0000005e47400000)]
  0x0000018105281800 JavaThread "Unconstrained build operations Thread 10" [_thread_blocked, id=13072, stack(0x0000005e47400000,0x0000005e47500000)]
  0x0000018105283800 JavaThread "Unconstrained build operations Thread 11" [_thread_blocked, id=8956, stack(0x0000005e47500000,0x0000005e47600000)]
  0x0000018105285000 JavaThread "Unconstrained build operations Thread 12" [_thread_blocked, id=5148, stack(0x0000005e47600000,0x0000005e47700000)]
  0x000001810527f800 JavaThread "Unconstrained build operations Thread 13" [_thread_blocked, id=688, stack(0x0000005e47700000,0x0000005e47800000)]
  0x0000018105286000 JavaThread "Unconstrained build operations Thread 14" [_thread_blocked, id=5324, stack(0x0000005e47800000,0x0000005e47900000)]
  0x0000018105280000 JavaThread "Unconstrained build operations Thread 15" [_thread_blocked, id=6376, stack(0x0000005e47900000,0x0000005e47a00000)]
  0x000001810528a000 JavaThread "Unconstrained build operations Thread 16" [_thread_blocked, id=7372, stack(0x0000005e47a00000,0x0000005e47b00000)]
  0x000001810528b800 JavaThread "Unconstrained build operations Thread 17" [_thread_blocked, id=5376, stack(0x0000005e47b00000,0x0000005e47c00000)]
  0x0000018105287800 JavaThread "Unconstrained build operations Thread 18" [_thread_blocked, id=1232, stack(0x0000005e47c00000,0x0000005e47d00000)]
  0x0000018105289000 JavaThread "Unconstrained build operations Thread 19" [_thread_blocked, id=8648, stack(0x0000005e47d00000,0x0000005e47e00000)]
  0x000001810528a800 JavaThread "Unconstrained build operations Thread 20" [_thread_blocked, id=8040, stack(0x0000005e47e00000,0x0000005e47f00000)]
  0x000001810528c800 JavaThread "Unconstrained build operations Thread 21" [_thread_blocked, id=13616, stack(0x0000005e47f00000,0x0000005e48000000)]
  0x0000018105286800 JavaThread "Unconstrained build operations Thread 22" [_thread_blocked, id=7856, stack(0x0000005e48000000,0x0000005e48100000)]
  0x000001810528e000 JavaThread "Unconstrained build operations Thread 23" [_thread_blocked, id=540, stack(0x0000005e48100000,0x0000005e48200000)]
  0x000001810528d000 JavaThread "Unconstrained build operations Thread 24" [_thread_blocked, id=6684, stack(0x0000005e48200000,0x0000005e48300000)]
  0x0000018105288800 JavaThread "Unconstrained build operations Thread 25" [_thread_blocked, id=3212, stack(0x0000005e48300000,0x0000005e48400000)]
  0x000001810420e800 JavaThread "Unconstrained build operations Thread 26" [_thread_blocked, id=1464, stack(0x0000005e48400000,0x0000005e48500000)]
  0x000001810420d000 JavaThread "Unconstrained build operations Thread 27" [_thread_blocked, id=11160, stack(0x0000005e48500000,0x0000005e48600000)]
  0x000001810420b800 JavaThread "Unconstrained build operations Thread 28" [_thread_blocked, id=10220, stack(0x0000005e48600000,0x0000005e48700000)]
  0x0000018104209800 JavaThread "Unconstrained build operations Thread 29" [_thread_blocked, id=4276, stack(0x0000005e48700000,0x0000005e48800000)]
  0x0000018104210000 JavaThread "Unconstrained build operations Thread 30" [_thread_blocked, id=9172, stack(0x0000005e48800000,0x0000005e48900000)]
  0x000001810420a800 JavaThread "Unconstrained build operations Thread 31" [_thread_blocked, id=5956, stack(0x0000005e48900000,0x0000005e48a00000)]
  0x0000018104211000 JavaThread "Unconstrained build operations Thread 32" [_thread_blocked, id=5160, stack(0x0000005e48a00000,0x0000005e48b00000)]
  0x000001810420f800 JavaThread "Unconstrained build operations Thread 33" [_thread_blocked, id=5104, stack(0x0000005e48b00000,0x0000005e48c00000)]
  0x000001810420d800 JavaThread "Unconstrained build operations Thread 34" [_thread_blocked, id=13400, stack(0x0000005e48c00000,0x0000005e48d00000)]
  0x0000018104212000 JavaThread "Unconstrained build operations Thread 35" [_thread_blocked, id=8400, stack(0x0000005e48d00000,0x0000005e48e00000)]
  0x000001810420c000 JavaThread "Unconstrained build operations Thread 36" [_thread_blocked, id=10532, stack(0x0000005e48e00000,0x0000005e48f00000)]
  0x0000018104216000 JavaThread "Unconstrained build operations Thread 37" [_thread_blocked, id=11808, stack(0x0000005e48f00000,0x0000005e49000000)]
  0x0000018104216800 JavaThread "Unconstrained build operations Thread 38" [_thread_blocked, id=12972, stack(0x0000005e49000000,0x0000005e49100000)]
  0x0000018104214800 JavaThread "Unconstrained build operations Thread 39" [_thread_blocked, id=13816, stack(0x0000005e49100000,0x0000005e49200000)]
  0x0000018104217800 JavaThread "Unconstrained build operations Thread 40" [_thread_blocked, id=8876, stack(0x0000005e49200000,0x0000005e49300000)]
  0x0000018104218800 JavaThread "Unconstrained build operations Thread 41" [_thread_blocked, id=10956, stack(0x0000005e49300000,0x0000005e49400000)]
  0x0000018104213800 JavaThread "Unconstrained build operations Thread 42" [_thread_blocked, id=13216, stack(0x0000005e49400000,0x0000005e49500000)]
  0x0000018104212800 JavaThread "Unconstrained build operations Thread 43" [_thread_blocked, id=2668, stack(0x0000005e49500000,0x0000005e49600000)]
  0x0000018104215000 JavaThread "Unconstrained build operations Thread 44" [_thread_blocked, id=9164, stack(0x0000005e49600000,0x0000005e49700000)]
  0x00000181031ec800 JavaThread "Unconstrained build operations Thread 45" [_thread_blocked, id=2340, stack(0x0000005e49700000,0x0000005e49800000)]
  0x00000181031f0000 JavaThread "Unconstrained build operations Thread 46" [_thread_blocked, id=11740, stack(0x0000005e49800000,0x0000005e49900000)]
  0x00000181031eb000 JavaThread "Unconstrained build operations Thread 47" [_thread_blocked, id=6964, stack(0x0000005e49900000,0x0000005e49a00000)]
  0x00000181031f1000 JavaThread "Unconstrained build operations Thread 48" [_thread_blocked, id=13276, stack(0x0000005e49a00000,0x0000005e49b00000)]
  0x00000181031ee800 JavaThread "Unconstrained build operations Thread 49" [_thread_blocked, id=12724, stack(0x0000005e49b00000,0x0000005e49c00000)]
  0x00000181031f1800 JavaThread "Unconstrained build operations Thread 50" [_thread_blocked, id=100, stack(0x0000005e49c00000,0x0000005e49d00000)]
  0x00000181031ef000 JavaThread "Unconstrained build operations Thread 51" [_thread_blocked, id=2752, stack(0x0000005e49d00000,0x0000005e49e00000)]
  0x00000181031ec000 JavaThread "Unconstrained build operations Thread 52" [_thread_blocked, id=13280, stack(0x0000005e49e00000,0x0000005e49f00000)]
  0x00000181031ed800 JavaThread "Unconstrained build operations Thread 53" [_thread_blocked, id=1044, stack(0x0000005e49f00000,0x0000005e4a000000)]
  0x00000181031f2800 JavaThread "Unconstrained build operations Thread 54" [_thread_blocked, id=10936, stack(0x0000005e4a000000,0x0000005e4a100000)]
  0x00000181031f9000 JavaThread "Unconstrained build operations Thread 55" [_thread_blocked, id=7324, stack(0x0000005e4a100000,0x0000005e4a200000)]
  0x00000181031f4000 JavaThread "Unconstrained build operations Thread 56" [_thread_blocked, id=8420, stack(0x0000005e4a200000,0x0000005e4a300000)]
  0x00000181031f8000 JavaThread "Unconstrained build operations Thread 57" [_thread_blocked, id=8912, stack(0x0000005e4a300000,0x0000005e4a400000)]
  0x00000181031f5800 JavaThread "Unconstrained build operations Thread 58" [_thread_blocked, id=84, stack(0x0000005e4a400000,0x0000005e4a500000)]
  0x00000181031f5000 JavaThread "Unconstrained build operations Thread 59" [_thread_blocked, id=12392, stack(0x0000005e4a500000,0x0000005e4a600000)]
  0x00000181031f6800 JavaThread "Unconstrained build operations Thread 60" [_thread_blocked, id=2240, stack(0x0000005e4a600000,0x0000005e4a700000)]
  0x00000181031f7800 JavaThread "Unconstrained build operations Thread 61" [_thread_blocked, id=612, stack(0x0000005e4a700000,0x0000005e4a800000)]
  0x00000181031f3000 JavaThread "Unconstrained build operations Thread 62" [_thread_blocked, id=3340, stack(0x0000005e4a800000,0x0000005e4a900000)]
  0x00000181031f9800 JavaThread "Unconstrained build operations Thread 63" [_thread_blocked, id=12124, stack(0x0000005e4a900000,0x0000005e4aa00000)]
  0x000001810652d800 JavaThread "Unconstrained build operations Thread 64" [_thread_blocked, id=6840, stack(0x0000005e4aa00000,0x0000005e4ab00000)]
  0x000001810652f000 JavaThread "Unconstrained build operations Thread 65" [_thread_blocked, id=8756, stack(0x0000005e4ab00000,0x0000005e4ac00000)]
  0x000001810652c000 JavaThread "Unconstrained build operations Thread 66" [_thread_blocked, id=13992, stack(0x0000005e4ac00000,0x0000005e4ad00000)]
  0x000001810652e800 JavaThread "Unconstrained build operations Thread 67" [_thread_blocked, id=2796, stack(0x0000005e4ad00000,0x0000005e4ae00000)]
  0x0000018106529800 JavaThread "Unconstrained build operations Thread 68" [_thread_blocked, id=7048, stack(0x0000005e4ae00000,0x0000005e4af00000)]
  0x000001810652c800 JavaThread "Unconstrained build operations Thread 69" [_thread_blocked, id=3972, stack(0x0000005e4af00000,0x0000005e4b000000)]
  0x000001810652b000 JavaThread "Unconstrained build operations Thread 70" [_thread_blocked, id=8388, stack(0x0000005e4b000000,0x0000005e4b100000)]
  0x000001810652a000 JavaThread "Unconstrained build operations Thread 71" [_thread_blocked, id=7368, stack(0x0000005e4b100000,0x0000005e4b200000)]
  0x0000018106530000 JavaThread "Unconstrained build operations Thread 72" [_thread_blocked, id=9296, stack(0x0000005e4b200000,0x0000005e4b300000)]
  0x0000018106535800 JavaThread "Unconstrained build operations Thread 73" [_thread_blocked, id=10268, stack(0x0000005e4b300000,0x0000005e4b400000)]
  0x0000018106535000 JavaThread "Unconstrained build operations Thread 74" [_thread_blocked, id=980, stack(0x0000005e4b400000,0x0000005e4b500000)]
  0x0000018106532800 JavaThread "Unconstrained build operations Thread 75" [_thread_blocked, id=13172, stack(0x0000005e4b500000,0x0000005e4b600000)]
  0x0000018106536800 JavaThread "Unconstrained build operations Thread 76" [_thread_blocked, id=13088, stack(0x0000005e4b600000,0x0000005e4b700000)]
  0x0000018106530800 JavaThread "Unconstrained build operations Thread 77" [_thread_blocked, id=3144, stack(0x0000005e4b700000,0x0000005e4b800000)]
  0x0000018106537800 JavaThread "Unconstrained build operations Thread 78" [_thread_blocked, id=4424, stack(0x0000005e4b800000,0x0000005e4b900000)]
  0x0000018106533000 JavaThread "Unconstrained build operations Thread 79" [_thread_blocked, id=1356, stack(0x0000005e4b900000,0x0000005e4ba00000)]
  0x0000018106534000 JavaThread "Unconstrained build operations Thread 80" [_thread_blocked, id=14244, stack(0x0000005e4ba00000,0x0000005e4bb00000)]
  0x0000018106531800 JavaThread "jar transforms Thread 4" [_thread_blocked, id=1456, stack(0x0000005e4bc00000,0x0000005e4bd00000)]
  0x0000018106538000 JavaThread "jar transforms Thread 5" [_thread_blocked, id=8888, stack(0x0000005e4bd00000,0x0000005e4be00000)]
  0x00000181057d6000 JavaThread "jar transforms Thread 6" [_thread_blocked, id=1884, stack(0x0000005e4be00000,0x0000005e4bf00000)]
  0x00000181057d7800 JavaThread "jar transforms Thread 7" [_thread_blocked, id=12528, stack(0x0000005e4bf00000,0x0000005e4c000000)]
  0x00000181057d8800 JavaThread "jar transforms Thread 8" [_thread_blocked, id=2892, stack(0x0000005e4c000000,0x0000005e4c100000)]
=>0x0000018109710800 JavaThread "C2 CompilerThread1" daemon [_thread_in_native, id=8148, stack(0x0000005e4bb00000,0x0000005e4bc00000)]

Other Threads:
  0x0000018102503800 VMThread "VM Thread" [stack: 0x0000005e43e00000,0x0000005e43f00000] [id=3560]
  0x0000018102f08000 WatcherThread [stack: 0x0000005e44800000,0x0000005e44900000] [id=8972]
  0x000001816600a800 GCTaskThread "GC Thread#0" [stack: 0x0000005e43900000,0x0000005e43a00000] [id=8272]
  0x000001810382f800 GCTaskThread "GC Thread#1" [stack: 0x0000005e44a00000,0x0000005e44b00000] [id=8120]
  0x0000018103830800 GCTaskThread "GC Thread#2" [stack: 0x0000005e44b00000,0x0000005e44c00000] [id=10740]
  0x0000018105165800 GCTaskThread "GC Thread#3" [stack: 0x0000005e45500000,0x0000005e45600000] [id=10276]
  0x0000018104fbb000 GCTaskThread "GC Thread#4" [stack: 0x0000005e45600000,0x0000005e45700000] [id=13596]
  0x0000018104fbb800 GCTaskThread "GC Thread#5" [stack: 0x0000005e45700000,0x0000005e45800000] [id=11844]
  0x0000018105782800 GCTaskThread "GC Thread#6" [stack: 0x0000005e45800000,0x0000005e45900000] [id=8740]
  0x0000018105783000 GCTaskThread "GC Thread#7" [stack: 0x0000005e45900000,0x0000005e45a00000] [id=3184]
  0x000001816603c800 ConcurrentGCThread "G1 Main Marker" [stack: 0x0000005e43a00000,0x0000005e43b00000] [id=14008]
  0x000001816603d800 ConcurrentGCThread "G1 Conc#0" [stack: 0x0000005e43b00000,0x0000005e43c00000] [id=6264]
  0x0000018104ece800 ConcurrentGCThread "G1 Conc#1" [stack: 0x0000005e45d00000,0x0000005e45e00000] [id=13812]
  0x0000018102352800 ConcurrentGCThread "G1 Refine#0" [stack: 0x0000005e43c00000,0x0000005e43d00000] [id=6644]
  0x00000181660bd800 ConcurrentGCThread "G1 Young RemSet Sampling" [stack: 0x0000005e43d00000,0x0000005e43e00000] [id=8952]

Threads with active compile tasks:
C2 CompilerThread0  10786 5780       4       org.objectweb.asm.Frame::execute (2318 bytes)
C1 CompilerThread0  10786 5831       3       java.lang.invoke.InvokerBytecodeGenerator::lookupPregenerated (292 bytes)
C2 CompilerThread1  10786 5728   !   4       com.google.common.reflect.TypeVisitor::visit (244 bytes)

VM state:not at safepoint (normal execution)

VM Mutex/Monitor currently owned by a thread: None

Heap address: 0x0000000080000000, size: 2048 MB, Compressed Oops mode: 32-bit
Narrow klass base: 0x0000000000000000, Narrow klass shift: 3
Compressed class space size: 1073741824 Address: 0x0000000100000000

Heap:
 garbage-first heap   total 155648K, used 95232K [0x0000000080000000, 0x0000000100000000)
  region size 1024K, 57 young (58368K), 11 survivors (11264K)
 Metaspace       used 57758K, capacity 59276K, committed 59340K, reserved 1101824K
  class space    used 7354K, capacity 7906K, committed 7936K, reserved 1048576K
Heap Regions: E=young(eden), S=young(survivor), O=old, HS=humongous(starts), HC=humongous(continues), CS=collection set, F=free, A=archive, TAMS=top-at-mark-start (previous, next)
|   0|0x0000000080000000, 0x0000000080100000, 0x0000000080100000|100%| O|  |TAMS 0x0000000080100000, 0x0000000080000000| Untracked 
|   1|0x0000000080100000, 0x0000000080200000, 0x0000000080200000|100%| O|  |TAMS 0x0000000080200000, 0x0000000080100000| Untracked 
|   2|0x0000000080200000, 0x0000000080300000, 0x0000000080300000|100%| O|  |TAMS 0x0000000080300000, 0x0000000080200000| Untracked 
|   3|0x0000000080300000, 0x0000000080400000, 0x0000000080400000|100%|HS|  |TAMS 0x0000000080400000, 0x0000000080300000| Complete 
|   4|0x0000000080400000, 0x0000000080500000, 0x0000000080500000|100%|HC|  |TAMS 0x0000000080500000, 0x0000000080400000| Complete 
|   5|0x0000000080500000, 0x0000000080600000, 0x0000000080600000|100%|HC|  |TAMS 0x0000000080600000, 0x0000000080500000| Complete 
|   6|0x0000000080600000, 0x0000000080700000, 0x0000000080700000|100%| O|  |TAMS 0x0000000080700000, 0x0000000080600000| Untracked 
|   7|0x0000000080700000, 0x0000000080800000, 0x0000000080800000|100%| O|  |TAMS 0x0000000080800000, 0x0000000080700000| Untracked 
|   8|0x0000000080800000, 0x0000000080900000, 0x0000000080900000|100%| O|  |TAMS 0x0000000080900000, 0x0000000080800000| Untracked 
|   9|0x0000000080900000, 0x0000000080a00000, 0x0000000080a00000|100%| O|  |TAMS 0x0000000080a00000, 0x0000000080900000| Untracked 
|  10|0x0000000080a00000, 0x0000000080b00000, 0x0000000080b00000|100%| O|  |TAMS 0x0000000080b00000, 0x0000000080a00000| Untracked 
|  11|0x0000000080b00000, 0x0000000080c00000, 0x0000000080c00000|100%| O|  |TAMS 0x0000000080c00000, 0x0000000080b00000| Untracked 
|  12|0x0000000080c00000, 0x0000000080d00000, 0x0000000080d00000|100%| O|  |TAMS 0x0000000080d00000, 0x0000000080c00000| Untracked 
|  13|0x0000000080d00000, 0x0000000080e00000, 0x0000000080e00000|100%| O|  |TAMS 0x0000000080e00000, 0x0000000080d00000| Untracked 
|  14|0x0000000080e00000, 0x0000000080f00000, 0x0000000080f00000|100%| O|  |TAMS 0x0000000080f00000, 0x0000000080e00000| Untracked 
|  15|0x0000000080f00000, 0x0000000081000000, 0x0000000081000000|100%| O|  |TAMS 0x0000000081000000, 0x0000000080f00000| Untracked 
|  16|0x0000000081000000, 0x0000000081100000, 0x0000000081100000|100%| O|  |TAMS 0x0000000081021400, 0x0000000081000000| Untracked 
|  17|0x0000000081100000, 0x0000000081200000, 0x0000000081200000|100%|HS|  |TAMS 0x0000000081100000, 0x0000000081100000| Complete 
|  18|0x0000000081200000, 0x0000000081300000, 0x0000000081300000|100%| O|  |TAMS 0x0000000081200000, 0x0000000081200000| Untracked 
|  19|0x0000000081300000, 0x0000000081400000, 0x0000000081400000|100%| O|  |TAMS 0x0000000081300000, 0x0000000081300000| Untracked 
|  20|0x0000000081400000, 0x0000000081500000, 0x0000000081500000|100%| O|  |TAMS 0x0000000081400000, 0x0000000081400000| Untracked 
|  21|0x0000000081500000, 0x0000000081600000, 0x0000000081600000|100%| O|  |TAMS 0x0000000081500000, 0x0000000081500000| Untracked 
|  22|0x0000000081600000, 0x0000000081700000, 0x0000000081700000|100%| O|  |TAMS 0x0000000081600000, 0x0000000081600000| Untracked 
|  23|0x0000000081700000, 0x0000000081800000, 0x0000000081800000|100%| O|  |TAMS 0x0000000081700000, 0x0000000081700000| Untracked 
|  24|0x0000000081800000, 0x0000000081900000, 0x0000000081900000|100%|HS|  |TAMS 0x0000000081800000, 0x0000000081800000| Complete 
|  25|0x0000000081900000, 0x0000000081a00000, 0x0000000081a00000|100%|HS|  |TAMS 0x0000000081900000, 0x0000000081900000| Complete 
|  26|0x0000000081a00000, 0x0000000081b00000, 0x0000000081b00000|100%|HS|  |TAMS 0x0000000081a00000, 0x0000000081a00000| Complete 
|  27|0x0000000081b00000, 0x0000000081c00000, 0x0000000081c00000|100%|HC|  |TAMS 0x0000000081b00000, 0x0000000081b00000| Complete 
|  28|0x0000000081c00000, 0x0000000081d00000, 0x0000000081d00000|100%|HC|  |TAMS 0x0000000081c00000, 0x0000000081c00000| Complete 
|  29|0x0000000081d00000, 0x0000000081e00000, 0x0000000081e00000|100%|HS|  |TAMS 0x0000000081d00000, 0x0000000081d00000| Complete 
|  30|0x0000000081e00000, 0x0000000081f00000, 0x0000000081f00000|100%|HC|  |TAMS 0x0000000081e00000, 0x0000000081e00000| Complete 
|  31|0x0000000081f00000, 0x0000000082000000, 0x0000000082000000|100%| O|  |TAMS 0x0000000081f00000, 0x0000000081f00000| Untracked 
|  32|0x0000000082000000, 0x0000000082100000, 0x0000000082100000|100%| O|  |TAMS 0x0000000082000000, 0x0000000082000000| Untracked 
|  33|0x0000000082100000, 0x0000000082200000, 0x0000000082200000|100%| O|  |TAMS 0x0000000082100000, 0x0000000082100000| Untracked 
|  34|0x0000000082200000, 0x0000000082300000, 0x0000000082300000|100%| O|  |TAMS 0x0000000082200000, 0x0000000082200000| Untracked 
|  35|0x0000000082300000, 0x0000000082400000, 0x0000000082400000|100%| O|  |TAMS 0x0000000082300000, 0x0000000082300000| Untracked 
|  36|0x0000000082400000, 0x0000000082500000, 0x0000000082500000|100%| O|  |TAMS 0x0000000082400000, 0x0000000082400000| Untracked 
|  37|0x0000000082500000, 0x0000000082500000, 0x0000000082600000|  0%| F|  |TAMS 0x0000000082500000, 0x0000000082500000| Untracked 
|  38|0x0000000082600000, 0x0000000082600000, 0x0000000082700000|  0%| F|  |TAMS 0x0000000082600000, 0x0000000082600000| Untracked 
|  39|0x0000000082700000, 0x0000000082700000, 0x0000000082800000|  0%| F|  |TAMS 0x0000000082700000, 0x0000000082700000| Untracked 
|  40|0x0000000082800000, 0x0000000082800000, 0x0000000082900000|  0%| F|  |TAMS 0x0000000082800000, 0x0000000082800000| Untracked 
|  41|0x0000000082900000, 0x0000000082900000, 0x0000000082a00000|  0%| F|  |TAMS 0x0000000082900000, 0x0000000082900000| Untracked 
|  42|0x0000000082a00000, 0x0000000082a00000, 0x0000000082b00000|  0%| F|  |TAMS 0x0000000082a00000, 0x0000000082a00000| Untracked 
|  43|0x0000000082b00000, 0x0000000082b00000, 0x0000000082c00000|  0%| F|  |TAMS 0x0000000082b00000, 0x0000000082b00000| Untracked 
|  44|0x0000000082c00000, 0x0000000082c00000, 0x0000000082d00000|  0%| F|  |TAMS 0x0000000082c00000, 0x0000000082c00000| Untracked 
|  45|0x0000000082d00000, 0x0000000082d00000, 0x0000000082e00000|  0%| F|  |TAMS 0x0000000082d00000, 0x0000000082d00000| Untracked 
|  46|0x0000000082e00000, 0x0000000082e00000, 0x0000000082f00000|  0%| F|  |TAMS 0x0000000082e00000, 0x0000000082e00000| Untracked 
|  47|0x0000000082f00000, 0x0000000082f00000, 0x0000000083000000|  0%| F|  |TAMS 0x0000000082f00000, 0x0000000082f00000| Untracked 
|  48|0x0000000083000000, 0x0000000083000000, 0x0000000083100000|  0%| F|  |TAMS 0x0000000083000000, 0x0000000083000000| Untracked 
|  49|0x0000000083100000, 0x0000000083100000, 0x0000000083200000|  0%| F|  |TAMS 0x0000000083100000, 0x0000000083100000| Untracked 
|  50|0x0000000083200000, 0x0000000083200000, 0x0000000083300000|  0%| F|  |TAMS 0x0000000083200000, 0x0000000083200000| Untracked 
|  51|0x0000000083300000, 0x0000000083300000, 0x0000000083400000|  0%| F|  |TAMS 0x0000000083300000, 0x0000000083300000| Untracked 
|  52|0x0000000083400000, 0x0000000083400000, 0x0000000083500000|  0%| F|  |TAMS 0x0000000083400000, 0x0000000083400000| Untracked 
|  53|0x0000000083500000, 0x0000000083500000, 0x0000000083600000|  0%| F|  |TAMS 0x0000000083500000, 0x0000000083500000| Untracked 
|  54|0x0000000083600000, 0x0000000083600000, 0x0000000083700000|  0%| F|  |TAMS 0x0000000083600000, 0x0000000083600000| Untracked 
|  55|0x0000000083700000, 0x0000000083700000, 0x0000000083800000|  0%| F|  |TAMS 0x0000000083700000, 0x0000000083700000| Untracked 
|  56|0x0000000083800000, 0x0000000083800000, 0x0000000083900000|  0%| F|  |TAMS 0x0000000083800000, 0x0000000083800000| Untracked 
|  57|0x0000000083900000, 0x0000000083900000, 0x0000000083a00000|  0%| F|  |TAMS 0x0000000083900000, 0x0000000083900000| Untracked 
|  58|0x0000000083a00000, 0x0000000083a00000, 0x0000000083b00000|  0%| F|  |TAMS 0x0000000083a00000, 0x0000000083a00000| Untracked 
|  59|0x0000000083b00000, 0x0000000083b00000, 0x0000000083c00000|  0%| F|  |TAMS 0x0000000083b00000, 0x0000000083b00000| Untracked 
|  60|0x0000000083c00000, 0x0000000083c00000, 0x0000000083d00000|  0%| F|  |TAMS 0x0000000083c00000, 0x0000000083c00000| Untracked 
|  61|0x0000000083d00000, 0x0000000083d00000, 0x0000000083e00000|  0%| F|  |TAMS 0x0000000083d00000, 0x0000000083d00000| Untracked 
|  62|0x0000000083e00000, 0x0000000083e00000, 0x0000000083f00000|  0%| F|  |TAMS 0x0000000083e00000, 0x0000000083e00000| Untracked 
|  63|0x0000000083f00000, 0x0000000084000000, 0x0000000084000000|100%| S|CS|TAMS 0x0000000083f00000, 0x0000000083f00000| Complete 
|  64|0x0000000084000000, 0x0000000084100000, 0x0000000084100000|100%| S|CS|TAMS 0x0000000084000000, 0x0000000084000000| Complete 
|  65|0x0000000084100000, 0x0000000084200000, 0x0000000084200000|100%| S|CS|TAMS 0x0000000084100000, 0x0000000084100000| Complete 
|  66|0x0000000084200000, 0x0000000084300000, 0x0000000084300000|100%| S|CS|TAMS 0x0000000084200000, 0x0000000084200000| Complete 
|  67|0x0000000084300000, 0x0000000084400000, 0x0000000084400000|100%| S|CS|TAMS 0x0000000084300000, 0x0000000084300000| Complete 
|  68|0x0000000084400000, 0x0000000084500000, 0x0000000084500000|100%| S|CS|TAMS 0x0000000084400000, 0x0000000084400000| Complete 
|  69|0x0000000084500000, 0x0000000084600000, 0x0000000084600000|100%| S|CS|TAMS 0x0000000084500000, 0x0000000084500000| Complete 
|  70|0x0000000084600000, 0x0000000084700000, 0x0000000084700000|100%| S|CS|TAMS 0x0000000084600000, 0x0000000084600000| Complete 
|  71|0x0000000084700000, 0x0000000084800000, 0x0000000084800000|100%| S|CS|TAMS 0x0000000084700000, 0x0000000084700000| Complete 
|  72|0x0000000084800000, 0x0000000084900000, 0x0000000084900000|100%| S|CS|TAMS 0x0000000084800000, 0x0000000084800000| Complete 
|  73|0x0000000084900000, 0x0000000084a00000, 0x0000000084a00000|100%| S|CS|TAMS 0x0000000084900000, 0x0000000084900000| Complete 
|  74|0x0000000084a00000, 0x0000000084a00000, 0x0000000084b00000|  0%| F|  |TAMS 0x0000000084a00000, 0x0000000084a00000| Untracked 
|  75|0x0000000084b00000, 0x0000000084b00000, 0x0000000084c00000|  0%| F|  |TAMS 0x0000000084b00000, 0x0000000084b00000| Untracked 
|  76|0x0000000084c00000, 0x0000000084c00000, 0x0000000084d00000|  0%| F|  |TAMS 0x0000000084c00000, 0x0000000084c00000| Untracked 
|  77|0x0000000084d00000, 0x0000000084d00000, 0x0000000084e00000|  0%| F|  |TAMS 0x0000000084d00000, 0x0000000084d00000| Untracked 
|  78|0x0000000084e00000, 0x0000000084e00000, 0x0000000084f00000|  0%| F|  |TAMS 0x0000000084e00000, 0x0000000084e00000| Untracked 
|  79|0x0000000084f00000, 0x0000000084f00000, 0x0000000085000000|  0%| F|  |TAMS 0x0000000084f00000, 0x0000000084f00000| Untracked 
|  80|0x0000000085000000, 0x0000000085000000, 0x0000000085100000|  0%| F|  |TAMS 0x0000000085000000, 0x0000000085000000| Untracked 
|  81|0x0000000085100000, 0x0000000085100000, 0x0000000085200000|  0%| F|  |TAMS 0x0000000085100000, 0x0000000085100000| Untracked 
|  82|0x0000000085200000, 0x0000000085200000, 0x0000000085300000|  0%| F|  |TAMS 0x0000000085200000, 0x0000000085200000| Untracked 
|  83|0x0000000085300000, 0x0000000085300000, 0x0000000085400000|  0%| F|  |TAMS 0x0000000085300000, 0x0000000085300000| Untracked 
|  84|0x0000000085400000, 0x0000000085400000, 0x0000000085500000|  0%| F|  |TAMS 0x0000000085400000, 0x0000000085400000| Untracked 
|  85|0x0000000085500000, 0x0000000085500000, 0x0000000085600000|  0%| F|  |TAMS 0x0000000085500000, 0x0000000085500000| Untracked 
|  86|0x0000000085600000, 0x0000000085600000, 0x0000000085700000|  0%| F|  |TAMS 0x0000000085600000, 0x0000000085600000| Untracked 
|  87|0x0000000085700000, 0x0000000085700000, 0x0000000085800000|  0%| F|  |TAMS 0x0000000085700000, 0x0000000085700000| Untracked 
|  88|0x0000000085800000, 0x0000000085800000, 0x0000000085900000|  0%| F|  |TAMS 0x0000000085800000, 0x0000000085800000| Untracked 
|  89|0x0000000085900000, 0x0000000085900000, 0x0000000085a00000|  0%| F|  |TAMS 0x0000000085900000, 0x0000000085900000| Untracked 
|  90|0x0000000085a00000, 0x0000000085a00000, 0x0000000085b00000|  0%| F|  |TAMS 0x0000000085a00000, 0x0000000085a00000| Untracked 
|  91|0x0000000085b00000, 0x0000000085b00000, 0x0000000085c00000|  0%| F|  |TAMS 0x0000000085b00000, 0x0000000085b00000| Untracked 
|  92|0x0000000085c00000, 0x0000000085c00000, 0x0000000085d00000|  0%| F|  |TAMS 0x0000000085c00000, 0x0000000085c00000| Untracked 
|  93|0x0000000085d00000, 0x0000000085d00000, 0x0000000085e00000|  0%| F|  |TAMS 0x0000000085d00000, 0x0000000085d00000| Untracked 
|  94|0x0000000085e00000, 0x0000000085e00000, 0x0000000085f00000|  0%| F|  |TAMS 0x0000000085e00000, 0x0000000085e00000| Untracked 
|  95|0x0000000085f00000, 0x0000000085f00000, 0x0000000086000000|  0%| F|  |TAMS 0x0000000085f00000, 0x0000000085f00000| Untracked 
|  96|0x0000000086000000, 0x0000000086000000, 0x0000000086100000|  0%| F|  |TAMS 0x0000000086000000, 0x0000000086000000| Untracked 
|  97|0x0000000086100000, 0x0000000086100000, 0x0000000086200000|  0%| F|  |TAMS 0x0000000086100000, 0x0000000086100000| Untracked 
|  98|0x0000000086200000, 0x0000000086200000, 0x0000000086300000|  0%| F|  |TAMS 0x0000000086200000, 0x0000000086200000| Untracked 
|  99|0x0000000086300000, 0x0000000086300000, 0x0000000086400000|  0%| F|  |TAMS 0x0000000086300000, 0x0000000086300000| Untracked 
| 100|0x0000000086400000, 0x0000000086400000, 0x0000000086500000|  0%| F|  |TAMS 0x0000000086400000, 0x0000000086400000| Untracked 
| 101|0x0000000086500000, 0x0000000086500000, 0x0000000086600000|  0%| F|  |TAMS 0x0000000086500000, 0x0000000086500000| Untracked 
| 102|0x0000000086600000, 0x0000000086600000, 0x0000000086700000|  0%| F|  |TAMS 0x0000000086600000, 0x0000000086600000| Untracked 
| 103|0x0000000086700000, 0x0000000086700000, 0x0000000086800000|  0%| F|  |TAMS 0x0000000086700000, 0x0000000086700000| Untracked 
| 104|0x0000000086800000, 0x0000000086800000, 0x0000000086900000|  0%| F|  |TAMS 0x0000000086800000, 0x0000000086800000| Untracked 
| 105|0x0000000086900000, 0x0000000086900000, 0x0000000086a00000|  0%| F|  |TAMS 0x0000000086900000, 0x0000000086900000| Untracked 
| 106|0x0000000086a00000, 0x0000000086a80800, 0x0000000086b00000| 50%| E|  |TAMS 0x0000000086a00000, 0x0000000086a00000| Complete 
| 107|0x0000000086b00000, 0x0000000086c00000, 0x0000000086c00000|100%| E|CS|TAMS 0x0000000086b00000, 0x0000000086b00000| Complete 
| 108|0x0000000086c00000, 0x0000000086d00000, 0x0000000086d00000|100%| E|CS|TAMS 0x0000000086c00000, 0x0000000086c00000| Complete 
| 109|0x0000000086d00000, 0x0000000086e00000, 0x0000000086e00000|100%| E|CS|TAMS 0x0000000086d00000, 0x0000000086d00000| Complete 
| 110|0x0000000086e00000, 0x0000000086f00000, 0x0000000086f00000|100%| E|CS|TAMS 0x0000000086e00000, 0x0000000086e00000| Complete 
| 111|0x0000000086f00000, 0x0000000087000000, 0x0000000087000000|100%| E|CS|TAMS 0x0000000086f00000, 0x0000000086f00000| Complete 
| 112|0x0000000087000000, 0x0000000087100000, 0x0000000087100000|100%| E|CS|TAMS 0x0000000087000000, 0x0000000087000000| Complete 
| 113|0x0000000087100000, 0x0000000087200000, 0x0000000087200000|100%| E|CS|TAMS 0x0000000087100000, 0x0000000087100000| Complete 
| 114|0x0000000087200000, 0x0000000087300000, 0x0000000087300000|100%| E|CS|TAMS 0x0000000087200000, 0x0000000087200000| Complete 
| 115|0x0000000087300000, 0x0000000087400000, 0x0000000087400000|100%| E|CS|TAMS 0x0000000087300000, 0x0000000087300000| Complete 
| 116|0x0000000087400000, 0x0000000087500000, 0x0000000087500000|100%| E|CS|TAMS 0x0000000087400000, 0x0000000087400000| Complete 
| 117|0x0000000087500000, 0x0000000087600000, 0x0000000087600000|100%| E|CS|TAMS 0x0000000087500000, 0x0000000087500000| Complete 
| 118|0x0000000087600000, 0x0000000087700000, 0x0000000087700000|100%| E|CS|TAMS 0x0000000087600000, 0x0000000087600000| Complete 
| 119|0x0000000087700000, 0x0000000087800000, 0x0000000087800000|100%| E|CS|TAMS 0x0000000087700000, 0x0000000087700000| Complete 
| 120|0x0000000087800000, 0x0000000087900000, 0x0000000087900000|100%| E|CS|TAMS 0x0000000087800000, 0x0000000087800000| Complete 
| 121|0x0000000087900000, 0x0000000087a00000, 0x0000000087a00000|100%| E|CS|TAMS 0x0000000087900000, 0x0000000087900000| Complete 
| 122|0x0000000087a00000, 0x0000000087b00000, 0x0000000087b00000|100%| E|CS|TAMS 0x0000000087a00000, 0x0000000087a00000| Complete 
| 123|0x0000000087b00000, 0x0000000087c00000, 0x0000000087c00000|100%| E|CS|TAMS 0x0000000087b00000, 0x0000000087b00000| Complete 
| 124|0x0000000087c00000, 0x0000000087d00000, 0x0000000087d00000|100%| E|CS|TAMS 0x0000000087c00000, 0x0000000087c00000| Complete 
| 125|0x0000000087d00000, 0x0000000087e00000, 0x0000000087e00000|100%| E|CS|TAMS 0x0000000087d00000, 0x0000000087d00000| Complete 
| 126|0x0000000087e00000, 0x0000000087f00000, 0x0000000087f00000|100%| E|CS|TAMS 0x0000000087e00000, 0x0000000087e00000| Complete 
| 127|0x0000000087f00000, 0x0000000088000000, 0x0000000088000000|100%| E|CS|TAMS 0x0000000087f00000, 0x0000000087f00000| Complete 
| 128|0x0000000088000000, 0x0000000088100000, 0x0000000088100000|100%| E|CS|TAMS 0x0000000088000000, 0x0000000088000000| Complete 
| 129|0x0000000088100000, 0x0000000088200000, 0x0000000088200000|100%| E|CS|TAMS 0x0000000088100000, 0x0000000088100000| Complete 
| 130|0x0000000088200000, 0x0000000088300000, 0x0000000088300000|100%| E|CS|TAMS 0x0000000088200000, 0x0000000088200000| Complete 
| 131|0x0000000088300000, 0x0000000088400000, 0x0000000088400000|100%| E|CS|TAMS 0x0000000088300000, 0x0000000088300000| Complete 
| 132|0x0000000088400000, 0x0000000088500000, 0x0000000088500000|100%| E|CS|TAMS 0x0000000088400000, 0x0000000088400000| Complete 
| 133|0x0000000088500000, 0x0000000088600000, 0x0000000088600000|100%| E|CS|TAMS 0x0000000088500000, 0x0000000088500000| Complete 
| 134|0x0000000088600000, 0x0000000088700000, 0x0000000088700000|100%| E|CS|TAMS 0x0000000088600000, 0x0000000088600000| Complete 
| 135|0x0000000088700000, 0x0000000088800000, 0x0000000088800000|100%| E|CS|TAMS 0x0000000088700000, 0x0000000088700000| Complete 
| 136|0x0000000088800000, 0x0000000088900000, 0x0000000088900000|100%| E|CS|TAMS 0x0000000088800000, 0x0000000088800000| Complete 
| 137|0x0000000088900000, 0x0000000088a00000, 0x0000000088a00000|100%| E|CS|TAMS 0x0000000088900000, 0x0000000088900000| Complete 
| 138|0x0000000088a00000, 0x0000000088b00000, 0x0000000088b00000|100%| E|CS|TAMS 0x0000000088a00000, 0x0000000088a00000| Complete 
| 139|0x0000000088b00000, 0x0000000088c00000, 0x0000000088c00000|100%| E|CS|TAMS 0x0000000088b00000, 0x0000000088b00000| Complete 
| 140|0x0000000088c00000, 0x0000000088d00000, 0x0000000088d00000|100%| E|CS|TAMS 0x0000000088c00000, 0x0000000088c00000| Complete 
| 141|0x0000000088d00000, 0x0000000088e00000, 0x0000000088e00000|100%| E|CS|TAMS 0x0000000088d00000, 0x0000000088d00000| Complete 
| 142|0x0000000088e00000, 0x0000000088f00000, 0x0000000088f00000|100%| E|CS|TAMS 0x0000000088e00000, 0x0000000088e00000| Complete 
| 143|0x0000000088f00000, 0x0000000089000000, 0x0000000089000000|100%| E|CS|TAMS 0x0000000088f00000, 0x0000000088f00000| Complete 
| 144|0x0000000089000000, 0x0000000089100000, 0x0000000089100000|100%| E|CS|TAMS 0x0000000089000000, 0x0000000089000000| Complete 
| 145|0x0000000089100000, 0x0000000089200000, 0x0000000089200000|100%| E|CS|TAMS 0x0000000089100000, 0x0000000089100000| Complete 
| 146|0x0000000089200000, 0x0000000089300000, 0x0000000089300000|100%| E|CS|TAMS 0x0000000089200000, 0x0000000089200000| Complete 
| 147|0x0000000089300000, 0x0000000089400000, 0x0000000089400000|100%| E|CS|TAMS 0x0000000089300000, 0x0000000089300000| Complete 
| 148|0x0000000089400000, 0x0000000089500000, 0x0000000089500000|100%| E|CS|TAMS 0x0000000089400000, 0x0000000089400000| Complete 
| 149|0x0000000089500000, 0x0000000089600000, 0x0000000089600000|100%| E|CS|TAMS 0x0000000089500000, 0x0000000089500000| Complete 
| 150|0x0000000089600000, 0x0000000089700000, 0x0000000089700000|100%| E|CS|TAMS 0x0000000089600000, 0x0000000089600000| Complete 
| 151|0x0000000089700000, 0x0000000089800000, 0x0000000089800000|100%| E|CS|TAMS 0x0000000089700000, 0x0000000089700000| Complete 

Card table byte_map: [0x000001817b130000,0x000001817b530000] _byte_map_base: 0x000001817ad30000

Marking Bits (Prev, Next): (CMBitMap*) 0x0000018166033798, (CMBitMap*) 0x00000181660337d0
 Prev Bits: [0x000001817b930000, 0x000001817d930000)
 Next Bits: [0x000001817d930000, 0x000001817f930000)

Polling page: 0x00000181660c0000

Metaspace:

Usage:
  Non-class:     50.24 MB capacity,    49.26 MB ( 98%) used,   845.98 KB (  2%) free+waste,   153.31 KB ( <1%) overhead. 
      Class:      7.72 MB capacity,     7.19 MB ( 93%) used,   477.67 KB (  6%) free+waste,    72.69 KB ( <1%) overhead. 
       Both:     57.96 MB capacity,    56.45 MB ( 97%) used,     1.29 MB (  2%) free+waste,   226.00 KB ( <1%) overhead. 

Virtual space:
  Non-class space:       52.00 MB reserved,      50.45 MB ( 97%) committed 
      Class space:        1.00 GB reserved,       7.75 MB ( <1%) committed 
             Both:        1.05 GB reserved,      58.20 MB (  5%) committed 

Chunk freelists:
   Non-Class:  25.00 KB
       Class:  0 bytes
        Both:  25.00 KB

MaxMetaspaceSize: 17179869184.00 GB
CompressedClassSpaceSize: 1.00 GB

CodeHeap 'non-profiled nmethods': size=120000Kb used=3339Kb max_used=3339Kb free=116660Kb
 bounds [0x0000018172d80000, 0x00000181730d0000, 0x000001817a2b0000]
CodeHeap 'profiled nmethods': size=120000Kb used=11930Kb max_used=11930Kb free=108070Kb
 bounds [0x000001816b850000, 0x000001816c400000, 0x0000018172d80000]
CodeHeap 'non-nmethods': size=5760Kb used=2246Kb max_used=2264Kb free=3513Kb
 bounds [0x000001816b2b0000, 0x000001816b520000, 0x000001816b850000]
 total_blobs=6655 nmethods=5827 adapters=739
 compilation: enabled
              stopped_count=0, restarted_count=0
 full_count=0

Compilation events (20 events):
Event: 10.728 Thread 0x0000018102d91800 5811       3       com.google.common.reflect.Types::disallowPrimitiveType (63 bytes)
Event: 10.729 Thread 0x0000018102d91800 nmethod 5811 0x000001816c3e6090 code [0x000001816c3e62c0, 0x000001816c3e6c18]
Event: 10.729 Thread 0x0000018102d91800 5812       3       org.gradle.api.internal.provider.AbstractProperty::assertCanMutate (12 bytes)
Event: 10.729 Thread 0x0000018102d91800 nmethod 5812 0x000001816c3e6e90 code [0x000001816c3e7060, 0x000001816c3e7348]
Event: 10.729 Thread 0x0000018102d91800 5813       3       org.gradle.api.internal.provider.AbstractProperty$NonFinalizedValue::beforeMutate (34 bytes)
Event: 10.729 Thread 0x0000018102d91800 nmethod 5813 0x000001816c3e7410 code [0x000001816c3e76c0, 0x000001816c3e82b8]
Event: 10.756 Thread 0x0000018102d91800 5814       3       java.lang.invoke.BoundMethodHandle$Species_L::make (11 bytes)
Event: 10.756 Thread 0x0000018102d91800 nmethod 5814 0x000001816c3e8710 code [0x000001816c3e88e0, 0x000001816c3e8b28]
Event: 10.757 Thread 0x0000018102d91800 5815       3       java.lang.invoke.DirectMethodHandle$Holder::invokeStatic (18 bytes)
Event: 10.757 Thread 0x0000018102d91800 nmethod 5815 0x000001816c3e8c10 code [0x000001816c3e8de0, 0x000001816c3e92d8]
Event: 10.757 Thread 0x0000018102d91800 5818       3       jdk.internal.misc.Unsafe::allocateUninitializedArray0 (90 bytes)
Event: 10.757 Thread 0x0000018102d91800 nmethod 5818 0x000001816c3e9410 code [0x000001816c3e9600, 0x000001816c3e9e58]
Event: 10.757 Thread 0x0000018102d91800 5816       3       java.lang.StringConcatHelper::newString (46 bytes)
Event: 10.758 Thread 0x0000018102d91800 nmethod 5816 0x000001816c3e9f90 code [0x000001816c3ea220, 0x000001816c3eaca8]
Event: 10.758 Thread 0x0000018102d91800 5817       3       java.lang.invoke.LambdaForm$MH/0x00000001000ea440::invoke (155 bytes)
Event: 10.758 Thread 0x0000018102d91800 nmethod 5817 0x000001816c3eb090 code [0x000001816c3eb320, 0x000001816c3ec278]
Event: 10.764 Thread 0x0000018102d91800 5819       3       java.lang.invoke.LambdaForm$MH/0x00000001000e8440::invoke (31 bytes)
Event: 10.764 Thread 0x0000018102d91800 nmethod 5819 0x000001816c3ec690 code [0x000001816c3ec860, 0x000001816c3eccf8]
Event: 10.764 Thread 0x0000018102d91800 5820       3       java.util.logging.LogManager::getProperty (9 bytes)
Event: 10.764 Thread 0x0000018102d91800 nmethod 5820 0x000001816c3ece10 code [0x000001816c3ecfc0, 0x000001816c3ed188]

GC Heap History (16 events):
Event: 0.553 GC heap before
{Heap before GC invocations=0 (full 0):
 garbage-first heap   total 129024K, used 29696K [0x0000000080000000, 0x0000000100000000)
  region size 1024K, 24 young (24576K), 0 survivors (0K)
 Metaspace       used 10186K, capacity 10435K, committed 10624K, reserved 1058816K
  class space    used 1067K, capacity 1138K, committed 1152K, reserved 1048576K
}
Event: 0.557 GC heap after
{Heap after GC invocations=1 (full 0):
 garbage-first heap   total 129024K, used 9896K [0x0000000080000000, 0x0000000100000000)
  region size 1024K, 3 young (3072K), 3 survivors (3072K)
 Metaspace       used 10186K, capacity 10435K, committed 10624K, reserved 1058816K
  class space    used 1067K, capacity 1138K, committed 1152K, reserved 1048576K
}
Event: 1.925 GC heap before
{Heap before GC invocations=1 (full 0):
 garbage-first heap   total 129024K, used 83624K [0x0000000080000000, 0x0000000100000000)
  region size 1024K, 75 young (76800K), 3 survivors (3072K)
 Metaspace       used 17554K, capacity 18004K, committed 18176K, reserved 1064960K
  class space    used 2078K, capacity 2219K, committed 2304K, reserved 1048576K
}
Event: 1.931 GC heap after
{Heap after GC invocations=2 (full 0):
 garbage-first heap   total 129024K, used 16252K [0x0000000080000000, 0x0000000100000000)
  region size 1024K, 10 young (10240K), 10 survivors (10240K)
 Metaspace       used 17554K, capacity 18004K, committed 18176K, reserved 1064960K
  class space    used 2078K, capacity 2219K, committed 2304K, reserved 1048576K
}
Event: 2.152 GC heap before
{Heap before GC invocations=2 (full 0):
 garbage-first heap   total 129024K, used 42876K [0x0000000080000000, 0x0000000100000000)
  region size 1024K, 37 young (37888K), 10 survivors (10240K)
 Metaspace       used 20687K, capacity 21093K, committed 21248K, reserved 1067008K
  class space    used 2547K, capacity 2695K, committed 2816K, reserved 1048576K
}
Event: 2.159 GC heap after
{Heap after GC invocations=3 (full 0):
 garbage-first heap   total 129024K, used 17848K [0x0000000080000000, 0x0000000100000000)
  region size 1024K, 2 young (2048K), 2 survivors (2048K)
 Metaspace       used 20687K, capacity 21093K, committed 21248K, reserved 1067008K
  class space    used 2547K, capacity 2695K, committed 2816K, reserved 1048576K
}
Event: 2.734 GC heap before
{Heap before GC invocations=4 (full 0):
 garbage-first heap   total 129024K, used 87480K [0x0000000080000000, 0x0000000100000000)
  region size 1024K, 70 young (71680K), 2 survivors (2048K)
 Metaspace       used 27348K, capacity 28010K, committed 28160K, reserved 1073152K
  class space    used 3612K, capacity 3839K, committed 3840K, reserved 1048576K
}
Event: 2.737 GC heap after
{Heap after GC invocations=5 (full 0):
 garbage-first heap   total 129024K, used 20088K [0x0000000080000000, 0x0000000100000000)
  region size 1024K, 4 young (4096K), 4 survivors (4096K)
 Metaspace       used 27348K, capacity 28010K, committed 28160K, reserved 1073152K
  class space    used 3612K, capacity 3839K, committed 3840K, reserved 1048576K
}
Event: 3.358 GC heap before
{Heap before GC invocations=5 (full 0):
 garbage-first heap   total 129024K, used 61048K [0x0000000080000000, 0x0000000100000000)
  region size 1024K, 45 young (46080K), 4 survivors (4096K)
 Metaspace       used 35074K, capacity 35794K, committed 35840K, reserved 1081344K
  class space    used 4568K, capacity 4863K, committed 4864K, reserved 1048576K
}
Event: 3.366 GC heap after
{Heap after GC invocations=6 (full 0):
 garbage-first heap   total 129024K, used 23014K [0x0000000080000000, 0x0000000100000000)
  region size 1024K, 7 young (7168K), 7 survivors (7168K)
 Metaspace       used 35074K, capacity 35794K, committed 35840K, reserved 1081344K
  class space    used 4568K, capacity 4863K, committed 4864K, reserved 1048576K
}
Event: 4.341 GC heap before
{Heap before GC invocations=7 (full 0):
 garbage-first heap   total 129024K, used 92646K [0x0000000080000000, 0x0000000100000000)
  region size 1024K, 73 young (74752K), 7 survivors (7168K)
 Metaspace       used 41312K, capacity 42278K, committed 42572K, reserved 1085440K
  class space    used 5348K, capacity 5690K, committed 5760K, reserved 1048576K
}
Event: 4.354 GC heap after
{Heap after GC invocations=8 (full 0):
 garbage-first heap   total 129024K, used 27490K [0x0000000080000000, 0x0000000100000000)
  region size 1024K, 8 young (8192K), 8 survivors (8192K)
 Metaspace       used 41312K, capacity 42278K, committed 42572K, reserved 1085440K
  class space    used 5348K, capacity 5690K, committed 5760K, reserved 1048576K
}
Event: 5.648 GC heap before
{Heap before GC invocations=8 (full 0):
 garbage-first heap   total 129024K, used 95074K [0x0000000080000000, 0x0000000100000000)
  region size 1024K, 73 young (74752K), 8 survivors (8192K)
 Metaspace       used 46339K, capacity 47427K, committed 47564K, reserved 1091584K
  class space    used 5957K, capacity 6363K, committed 6400K, reserved 1048576K
}
Event: 5.656 GC heap after
{Heap after GC invocations=9 (full 0):
 garbage-first heap   total 155648K, used 30711K [0x0000000080000000, 0x0000000100000000)
  region size 1024K, 8 young (8192K), 8 survivors (8192K)
 Metaspace       used 46339K, capacity 47427K, committed 47564K, reserved 1091584K
  class space    used 5957K, capacity 6363K, committed 6400K, reserved 1048576K
}
Event: 10.050 GC heap before
{Heap before GC invocations=9 (full 0):
 garbage-first heap   total 155648K, used 117751K [0x0000000080000000, 0x0000000100000000)
  region size 1024K, 86 young (88064K), 8 survivors (8192K)
 Metaspace       used 50787K, capacity 52129K, committed 52300K, reserved 1095680K
  class space    used 6477K, capacity 6955K, committed 7040K, reserved 1048576K
}
Event: 10.062 GC heap after
{Heap after GC invocations=10 (full 0):
 garbage-first heap   total 155648K, used 49152K [0x0000000080000000, 0x0000000100000000)
  region size 1024K, 11 young (11264K), 11 survivors (11264K)
 Metaspace       used 50787K, capacity 52129K, committed 52300K, reserved 1095680K
  class space    used 6477K, capacity 6955K, committed 7040K, reserved 1048576K
}

Deoptimization events (20 events):
Event: 10.112 Thread 0x00000181055ce000 Uncommon trap: trap_request=0xffffff4d fr.pc=0x0000018172db3b44 relative=0x0000000000000484
Event: 10.112 Thread 0x00000181055ce000 Uncommon trap: reason=unstable_if action=reinterpret pc=0x0000018172db3b44 method=java.lang.AbstractStringBuilder.putStringAt(ILjava/lang/String;)V @ 8 c2
Event: 10.112 Thread 0x00000181055ce000 DEOPT PACKING pc=0x0000018172db3b44 sp=0x0000005e451f6b60
Event: 10.112 Thread 0x00000181055ce000 DEOPT UNPACKING pc=0x000001816b2d662f sp=0x0000005e451f6a68 mode 2
Event: 10.112 Thread 0x00000181055ce000 Uncommon trap: trap_request=0xffffff4d fr.pc=0x0000018172dcaca8 relative=0x0000000000000468
Event: 10.112 Thread 0x00000181055ce000 Uncommon trap: reason=unstable_if action=reinterpret pc=0x0000018172dcaca8 method=java.lang.AbstractStringBuilder.putStringAt(ILjava/lang/String;)V @ 8 c2
Event: 10.112 Thread 0x00000181055ce000 DEOPT PACKING pc=0x0000018172dcaca8 sp=0x0000005e451f6b00
Event: 10.112 Thread 0x00000181055ce000 DEOPT UNPACKING pc=0x000001816b2d662f sp=0x0000005e451f6a70 mode 2
Event: 10.112 Thread 0x00000181055ce000 Uncommon trap: trap_request=0xffffff4d fr.pc=0x0000018172db2e6c relative=0x00000000000000cc
Event: 10.112 Thread 0x00000181055ce000 Uncommon trap: reason=unstable_if action=reinterpret pc=0x0000018172db2e6c method=java.lang.String.getBytes([BIB)V @ 5 c2
Event: 10.112 Thread 0x00000181055ce000 DEOPT PACKING pc=0x0000018172db2e6c sp=0x0000005e451f6a20
Event: 10.112 Thread 0x00000181055ce000 DEOPT UNPACKING pc=0x000001816b2d662f sp=0x0000005e451f69e8 mode 2
Event: 10.112 Thread 0x00000181055ce000 Uncommon trap: trap_request=0xffffff4d fr.pc=0x0000018172e08840 relative=0x0000000000000380
Event: 10.112 Thread 0x00000181055ce000 Uncommon trap: reason=unstable_if action=reinterpret pc=0x0000018172e08840 method=java.lang.AbstractStringBuilder.isLatin1()Z @ 10 c2
Event: 10.112 Thread 0x00000181055ce000 DEOPT PACKING pc=0x0000018172e08840 sp=0x0000005e451f6b80
Event: 10.112 Thread 0x00000181055ce000 DEOPT UNPACKING pc=0x000001816b2d662f sp=0x0000005e451f6b00 mode 2
Event: 10.567 Thread 0x00000181055ce000 Uncommon trap: trap_request=0xffffffc6 fr.pc=0x0000018172f98be8 relative=0x0000000000003bc8
Event: 10.567 Thread 0x00000181055ce000 Uncommon trap: reason=bimorphic_or_optimized_type_check action=maybe_recompile pc=0x0000018172f98be8 method=java.util.AbstractCollection.addAll(Ljava/util/Collection;)Z @ 29 c2
Event: 10.567 Thread 0x00000181055ce000 DEOPT PACKING pc=0x0000018172f98be8 sp=0x0000005e451f8080
Event: 10.567 Thread 0x00000181055ce000 DEOPT UNPACKING pc=0x000001816b2d662f sp=0x0000005e451f8080 mode 2

Classes redefined (0 events):
No events

Internal exceptions (20 events):
Event: 9.605 Thread 0x00000181055ce000 Exception <a 'java/lang/NoSuchMethodError'{0x0000000085eaefe0}: 'long java.lang.invoke.DirectMethodHandle$Holder.invokeVirtual(java.lang.Object, java.lang.Object)'> (0x0000000085eaefe0) thrown at [./src/hotspot/share/interpreter/linkResolver.cpp, line 773]
Event: 9.607 Thread 0x0000018105805000 Exception <a 'java/lang/NoSuchMethodError'{0x000000008970b288}: <clinit>> (0x000000008970b288) thrown at [./src/hotspot/share/prims/jni.cpp, line 1362]
Event: 9.610 Thread 0x0000018105805000 Exception <a 'java/lang/NoSuchMethodError'{0x0000000085d1bcc0}: <clinit>> (0x0000000085d1bcc0) thrown at [./src/hotspot/share/prims/jni.cpp, line 1362]
Event: 9.610 Thread 0x0000018105805000 Exception <a 'java/lang/NoSuchMethodError'{0x0000000085d1cdd0}: <clinit>> (0x0000000085d1cdd0) thrown at [./src/hotspot/share/prims/jni.cpp, line 1362]
Event: 9.611 Thread 0x0000018105805000 Exception <a 'java/lang/NoSuchMethodError'{0x0000000085d1e0d8}: <clinit>> (0x0000000085d1e0d8) thrown at [./src/hotspot/share/prims/jni.cpp, line 1362]
Event: 9.611 Thread 0x0000018105805000 Exception <a 'java/lang/NoSuchMethodError'{0x0000000085d1f0f8}: <clinit>> (0x0000000085d1f0f8) thrown at [./src/hotspot/share/prims/jni.cpp, line 1362]
Event: 9.612 Thread 0x0000018105805000 Exception <a 'java/lang/NoSuchMethodError'{0x0000000085d31410}: <clinit>> (0x0000000085d31410) thrown at [./src/hotspot/share/prims/jni.cpp, line 1362]
Event: 9.612 Thread 0x0000018105805000 Exception <a 'java/lang/NoSuchMethodError'{0x0000000085d3b998}: <clinit>> (0x0000000085d3b998) thrown at [./src/hotspot/share/prims/jni.cpp, line 1362]
Event: 9.614 Thread 0x0000018105805000 Exception <a 'java/lang/NoSuchMethodError'{0x0000000085d4f5d8}: <clinit>> (0x0000000085d4f5d8) thrown at [./src/hotspot/share/prims/jni.cpp, line 1362]
Event: 9.839 Thread 0x00000181055ce000 Exception <a 'java/lang/ClassNotFoundException'{0x0000000085dd8fc0}: build_1xobpn5my484vad0wmkq5k00lBeanInfo> (0x0000000085dd8fc0) thrown at [./src/hotspot/share/classfile/systemDictionary.cpp, line 231]
Event: 9.839 Thread 0x00000181055ce000 Exception <a 'java/lang/ClassNotFoundException'{0x0000000085de3f78}: build_1xobpn5my484vad0wmkq5k00lCustomizer> (0x0000000085de3f78) thrown at [./src/hotspot/share/classfile/systemDictionary.cpp, line 231]
Event: 9.842 Thread 0x00000181055ce000 Exception <a 'java/lang/ClassNotFoundException'{0x0000000085c4b628}: org/gradle/api/internal/plugins/DefaultObjectConfigurationActionBeanInfo> (0x0000000085c4b628) thrown at [./src/hotspot/share/classfile/systemDictionary.cpp, line 231]
Event: 9.843 Thread 0x00000181055ce000 Exception <a 'java/lang/ClassNotFoundException'{0x0000000085c7ec48}: org/gradle/api/internal/plugins/DefaultObjectConfigurationActionCustomizer> (0x0000000085c7ec48) thrown at [./src/hotspot/share/classfile/systemDictionary.cpp, line 231]
Event: 9.972 Thread 0x00000181055ce000 Exception <a 'java/lang/NoSuchMethodError'{0x00000000851a6468}: 'java.lang.Object java.lang.invoke.DirectMethodHandle$Holder.invokeStatic(java.lang.Object, java.lang.Object, java.lang.Object, java.lang.Object, int)'> (0x00000000851a6468) thrown at [./src/hotspot/share/interpreter/linkResolver.cpp, line 773]
Event: 9.972 Thread 0x00000181055ce000 Exception <a 'java/lang/NoSuchMethodError'{0x00000000851aae60}: 'java.lang.Object java.lang.invoke.DirectMethodHandle$Holder.invokeSpecial(java.lang.Object, java.lang.Object, java.lang.Object, java.lang.Object, java.lang.Object, int)'> (0x00000000851aae60) thrown at [./src/hotspot/share/interpreter/linkResolver.cpp, line 773]
Event: 9.973 Thread 0x00000181055ce000 Exception <a 'java/lang/NoSuchMethodError'{0x00000000851af4a0}: 'java.lang.Object java.lang.invoke.Invokers$Holder.linkToTargetMethod(java.lang.Object, java.lang.Object, java.lang.Object, int, java.lang.Object)'> (0x00000000851af4a0) thrown at [./src/hotspot/share/interpreter/linkResolver.cpp, line 773]
Event: 10.181 Thread 0x00000181055ce000 Exception <a 'java/lang/NoSuchMethodError'{0x0000000089072378}: 'java.lang.Object java.lang.invoke.DirectMethodHandle$Holder.invokeSpecial(java.lang.Object, java.lang.Object, int, int, java.lang.Object, java.lang.Object, java.lang.Object)'> (0x0000000089072378) thrown at [./src/hotspot/share/interpreter/linkResolver.cpp, line 773]
Event: 10.182 Thread 0x00000181055ce000 Exception <a 'java/lang/NoSuchMethodError'{0x00000000890768f8}: 'java.lang.Object java.lang.invoke.DelegatingMethodHandle$Holder.reinvoke_L(java.lang.Object, int, int, java.lang.Object, java.lang.Object, java.lang.Object)'> (0x00000000890768f8) thrown at [./src/hotspot/share/interpreter/linkResolver.cpp, line 773]
Event: 10.345 Thread 0x00000181055ce000 Exception <a 'java/lang/NoSuchMethodError'{0x0000000088387050}: 'int java.lang.invoke.DirectMethodHandle$Holder.invokeInterface(java.lang.Object, java.lang.Object, java.lang.Object, java.lang.Object)'> (0x0000000088387050) thrown at [./src/hotspot/share/interpreter/linkResolver.cpp, line 773]
Event: 10.652 Thread 0x00000181055ce000 Exception <a 'java/lang/NoSuchMethodError'{0x000000008730d3a0}: 'void java.lang.invoke.DirectMethodHandle$Holder.invokeInterface(java.lang.Object, java.lang.Object, java.lang.Object, java.lang.Object)'> (0x000000008730d3a0) thrown at [./src/hotspot/share/interpreter/linkResolver.cpp, line 773]

Events (20 events):
Event: 10.763 loading class com/sun/jmx/mbeanserver/Introspector
Event: 10.763 loading class com/sun/jmx/mbeanserver/Introspector done
Event: 10.763 loading class com/sun/jmx/defaults/JmxProperties
Event: 10.763 loading class com/sun/jmx/defaults/JmxProperties done
Event: 10.764 loading class java/lang/System$Logger$Level
Event: 10.764 loading class java/lang/System$Logger$Level done
Event: 10.764 loading class com/sun/jmx/mbeanserver/DynamicMBean2
Event: 10.764 loading class com/sun/jmx/mbeanserver/DynamicMBean2 done
Event: 10.764 loading class com/sun/jmx/interceptor/DefaultMBeanServerInterceptor$ResourceContext
Event: 10.764 loading class com/sun/jmx/mbeanserver/Repository$RegistrationContext
Event: 10.764 loading class com/sun/jmx/mbeanserver/Repository$RegistrationContext done
Event: 10.764 loading class com/sun/jmx/interceptor/DefaultMBeanServerInterceptor$ResourceContext done
Event: 10.764 loading class com/sun/jmx/interceptor/DefaultMBeanServerInterceptor$ResourceContext$1
Event: 10.764 loading class com/sun/jmx/interceptor/DefaultMBeanServerInterceptor$ResourceContext$1 done
Event: 10.764 loading class com/sun/jmx/mbeanserver/NamedObject
Event: 10.764 loading class com/sun/jmx/mbeanserver/NamedObject done
Event: 10.764 loading class javax/management/MBeanServerNotification
Event: 10.764 loading class javax/management/Notification
Event: 10.765 loading class javax/management/Notification done
Event: 10.765 loading class javax/management/MBeanServerNotification done


Dynamic libraries:
0x00007ff6738f0000 - 0x00007ff6738fa000 	F:\androidReverse\AndroidStudio\jre\bin\java.exe
0x00007ff99a2e0000 - 0x00007ff99a4d0000 	C:\Windows\SYSTEM32\ntdll.dll
0x00007ff998bd0000 - 0x00007ff998c82000 	C:\Windows\System32\KERNEL32.DLL
0x00007ff997d70000 - 0x00007ff998015000 	C:\Windows\System32\KERNELBASE.dll
0x00007ff9980d0000 - 0x00007ff9981ca000 	C:\Windows\System32\ucrtbase.dll
0x00007ff991af0000 - 0x00007ff991b09000 	F:\androidReverse\AndroidStudio\jre\bin\jli.dll
0x00007ff9903c0000 - 0x00007ff9903d7000 	F:\androidReverse\AndroidStudio\jre\bin\VCRUNTIME140.dll
0x00007ff998e00000 - 0x00007ff998f94000 	C:\Windows\System32\USER32.dll
0x00007ff9979d0000 - 0x00007ff9979f1000 	C:\Windows\System32\win32u.dll
0x00007ff97b920000 - 0x00007ff97bba4000 	C:\Windows\WinSxS\amd64_microsoft.windows.common-controls_6595b64144ccf1df_6.0.18362.1556_none_9e7e372fe45e41d5\COMCTL32.dll
0x00007ff99a0c0000 - 0x00007ff99a0e6000 	C:\Windows\System32\GDI32.dll
0x00007ff999470000 - 0x00007ff99950e000 	C:\Windows\System32\msvcrt.dll
0x00007ff997bd0000 - 0x00007ff997d68000 	C:\Windows\System32\gdi32full.dll
0x00007ff997a30000 - 0x00007ff997ace000 	C:\Windows\System32\msvcp_win.dll
0x00007ff999130000 - 0x00007ff999466000 	C:\Windows\System32\combase.dll
0x00007ff999770000 - 0x00007ff99988f000 	C:\Windows\System32\RPCRT4.dll
0x00007ff997ad0000 - 0x00007ff997b51000 	C:\Windows\System32\bcryptPrimitives.dll
0x00007ff999f80000 - 0x00007ff999fae000 	C:\Windows\System32\IMM32.DLL
0x00007ff98bd60000 - 0x00007ff98bdfd000 	F:\androidReverse\AndroidStudio\jre\bin\msvcp140.dll
0x00007ff930950000 - 0x00007ff931425000 	F:\androidReverse\AndroidStudio\jre\bin\server\jvm.dll
0x00007ff999590000 - 0x00007ff999633000 	C:\Windows\System32\ADVAPI32.dll
0x00007ff999010000 - 0x00007ff9990a7000 	C:\Windows\System32\sechost.dll
0x00007ff999580000 - 0x00007ff999588000 	C:\Windows\System32\PSAPI.DLL
0x00007ff985940000 - 0x00007ff985949000 	C:\Windows\SYSTEM32\WSOCK32.dll
0x00007ff9915b0000 - 0x00007ff9915ba000 	C:\Windows\SYSTEM32\VERSION.dll
0x00007ff994820000 - 0x00007ff994844000 	C:\Windows\SYSTEM32\WINMM.dll
0x00007ff999510000 - 0x00007ff99957f000 	C:\Windows\System32\WS2_32.dll
0x00007ff9947f0000 - 0x00007ff99481d000 	C:\Windows\SYSTEM32\WINMMBASE.dll
0x00007ff997b80000 - 0x00007ff997bca000 	C:\Windows\System32\cfgmgr32.dll
0x00007ff997210000 - 0x00007ff997221000 	C:\Windows\System32\kernel.appcore.dll
0x00007ff97b1a0000 - 0x00007ff97b1b1000 	F:\androidReverse\AndroidStudio\jre\bin\verify.dll
0x00007ff989050000 - 0x00007ff989244000 	C:\Windows\SYSTEM32\DBGHELP.DLL
0x00007ff985950000 - 0x00007ff98597a000 	C:\Windows\SYSTEM32\dbgcore.DLL
0x00007ff978240000 - 0x00007ff978269000 	F:\androidReverse\AndroidStudio\jre\bin\java.dll
0x00007ff995760000 - 0x00007ff99576b000 	F:\androidReverse\AndroidStudio\jre\bin\jimage.dll
0x00007ff978f50000 - 0x00007ff978f68000 	F:\androidReverse\AndroidStudio\jre\bin\zip.dll
0x00007ff999890000 - 0x00007ff999f77000 	C:\Windows\System32\SHELL32.dll
0x00007ff9983f0000 - 0x00007ff998498000 	C:\Windows\System32\shcore.dll
0x00007ff997250000 - 0x00007ff9979cb000 	C:\Windows\System32\windows.storage.dll
0x00007ff9971f0000 - 0x00007ff99720e000 	C:\Windows\System32\profapi.dll
0x00007ff9971a0000 - 0x00007ff9971ea000 	C:\Windows\System32\powrprof.dll
0x00007ff997190000 - 0x00007ff9971a0000 	C:\Windows\System32\UMPDC.dll
0x00007ff999640000 - 0x00007ff999692000 	C:\Windows\System32\shlwapi.dll
0x00007ff997b60000 - 0x00007ff997b77000 	C:\Windows\System32\cryptsp.dll
0x00007ff976bb0000 - 0x00007ff976bca000 	F:\androidReverse\AndroidStudio\jre\bin\net.dll
0x00007ff995300000 - 0x00007ff9953fa000 	C:\Windows\SYSTEM32\WINHTTP.dll
0x00007ff9969d0000 - 0x00007ff996a37000 	C:\Windows\system32\mswsock.dll
0x00007ff976b20000 - 0x00007ff976b34000 	F:\androidReverse\AndroidStudio\jre\bin\nio.dll
0x00007ff98fab0000 - 0x00007ff98fad7000 	C:\Users\30312\.gradle\native\e1d6ef7f7dcc3fd88c89a11ec53ec762bb8ba0a96d01ffa2cd45eb1d1d8dd5c5\windows-amd64\native-platform.dll
0x00007ff96d070000 - 0x00007ff96d1b4000 	C:\Users\30312\.gradle\native\5664cfc778a61ccfe75a443a1ab52a65af34e5dc3c78e0209fed803814484fcb\windows-amd64\native-platform-file-events.dll
0x00007ff995570000 - 0x00007ff99557a000 	F:\androidReverse\AndroidStudio\jre\bin\management.dll
0x00007ff98ff50000 - 0x00007ff98ff5d000 	F:\androidReverse\AndroidStudio\jre\bin\management_ext.dll
0x00007ff9964f0000 - 0x00007ff996523000 	C:\Windows\system32\rsaenh.dll
0x00007ff997a00000 - 0x00007ff997a26000 	C:\Windows\System32\bcrypt.dll
0x00007ff997080000 - 0x00007ff9970a5000 	C:\Windows\SYSTEM32\USERENV.dll
0x00007ff996ba0000 - 0x00007ff996bac000 	C:\Windows\SYSTEM32\CRYPTBASE.dll
0x00007ff996680000 - 0x00007ff9966ba000 	C:\Windows\SYSTEM32\IPHLPAPI.DLL
0x00007ff998b40000 - 0x00007ff998b48000 	C:\Windows\System32\NSI.dll
0x00007ff98a2b0000 - 0x00007ff98a2c6000 	C:\Windows\SYSTEM32\dhcpcsvc6.DLL
0x00007ff98a290000 - 0x00007ff98a2ac000 	C:\Windows\SYSTEM32\dhcpcsvc.DLL
0x00007ff996720000 - 0x00007ff9967eb000 	C:\Windows\SYSTEM32\DNSAPI.dll

dbghelp: loaded successfully - version: 4.0.5 - missing functions: none
symbol engine: initialized successfully - sym options: 0x614 - pdb path: .;F:\androidReverse\AndroidStudio\jre\bin;C:\Windows\SYSTEM32;C:\Windows\WinSxS\amd64_microsoft.windows.common-controls_6595b64144ccf1df_6.0.18362.1556_none_9e7e372fe45e41d5;F:\androidReverse\AndroidStudio\jre\bin\server;C:\Users\30312\.gradle\native\e1d6ef7f7dcc3fd88c89a11ec53ec762bb8ba0a96d01ffa2cd45eb1d1d8dd5c5\windows-amd64;C:\Users\30312\.gradle\native\5664cfc778a61ccfe75a443a1ab52a65af34e5dc3c78e0209fed803814484fcb\windows-amd64

VM Arguments:
jvm_args: --add-opens=java.base/java.util=ALL-UNNAMED --add-opens=java.base/java.lang=ALL-UNNAMED --add-opens=java.base/java.lang.invoke=ALL-UNNAMED --add-opens=java.base/java.util=ALL-UNNAMED --add-opens=java.prefs/java.util.prefs=ALL-UNNAMED --add-opens=java.prefs/java.util.prefs=ALL-UNNAMED --add-opens=java.base/java.nio.charset=ALL-UNNAMED --add-opens=java.base/java.net=ALL-UNNAMED --add-opens=java.base/java.util.concurrent.atomic=ALL-UNNAMED -Xmx2048m -Dfile.encoding=UTF-8 -Duser.country=CN -Duser.language=zh -Duser.variant 
java_command: org.gradle.launcher.daemon.bootstrap.GradleDaemon 7.2
java_class_path (initial): C:\Users\30312\.gradle\wrapper\dists\gradle-7.2-bin\2dnblmf4td7x66yl1d74lt32g\gradle-7.2\lib\gradle-launcher-7.2.jar
Launcher Type: SUN_STANDARD

[Global flags]
     intx CICompilerCount                          = 4                                         {product} {ergonomic}
     uint ConcGCThreads                            = 2                                         {product} {ergonomic}
     uint G1ConcRefinementThreads                  = 8                                         {product} {ergonomic}
   size_t G1HeapRegionSize                         = 1048576                                   {product} {ergonomic}
    uintx GCDrainStackTargetSize                   = 64                                        {product} {ergonomic}
   size_t InitialHeapSize                          = 132120576                                 {product} {ergonomic}
   size_t MarkStackSize                            = 4194304                                   {product} {ergonomic}
   size_t MaxHeapSize                              = 2147483648                                {product} {command line}
   size_t MaxNewSize                               = 1287651328                                {product} {ergonomic}
   size_t MinHeapDeltaBytes                        = 1048576                                   {product} {ergonomic}
    uintx NonNMethodCodeHeapSize                   = 5836300                                {pd product} {ergonomic}
    uintx NonProfiledCodeHeapSize                  = 122910970                              {pd product} {ergonomic}
    uintx ProfiledCodeHeapSize                     = 122910970                              {pd product} {ergonomic}
    uintx ReservedCodeCacheSize                    = 251658240                              {pd product} {ergonomic}
     bool SegmentedCodeCache                       = true                                      {product} {ergonomic}
     bool UseCompressedClassPointers               = true                                 {lp64_product} {ergonomic}
     bool UseCompressedOops                        = true                                 {lp64_product} {ergonomic}
     bool UseG1GC                                  = true                                      {product} {ergonomic}
     bool UseLargePagesIndividualAllocation        = false                                  {pd product} {ergonomic}

Logging:
Log output configuration:
 #0: stdout all=warning uptime,level,tags
 #1: stderr all=off uptime,level,tags

Environment Variables:
JAVA_HOME=D:\jdk
CLASSPATH=.;D:\jdk\lib\dt.jar;D:\jdk\lib\tools.jar;
PATH=D:\xshell2\;C:\Program Files (x86)\Common Files\Intel\Shared Libraries\redist\intel64\compiler;C:\Windows\system32;C:\Windows;C:\Windows\System32\Wbem;C:\Windows\System32\WindowsPowerShell\v1.0\;C:\Windows\System32\OpenSSH\;D:\git\Git\cmd;D:\WAMP\bin\php\php7.2.14;F:\node.js\;D:\vrgrant\bin;D:\jdk\bin;F:\ÔÓÏî¹¤¾ß\¹¤¾ßString;F:\ReverseTool\sigdir;D:\Microsoft Visual Studio\VC98\Bin;F:\ncZip\netcat-win32-1.12;D:\python3.7.9;D:\python2.7;F:\Apktool;F:\ÔÓÏî¹¤¾ß\¹¤¾ßbinwalk\binwalk\src\scripts;F:\ÉøÍ¸²âÊÔ\ÄæÏò\graphviz\bin;C:\Program Files\dotnet\;D:\xshell\xshell\;D:\python2.7;C:\Users\30312\AppData\Local\Microsoft\WindowsApps;D:\bandizip\;D:\VsCode1\Microsoft VS Code\bin;C:\Users\30312\AppData\Local\ComposerSetup\bin;C:\Users\30312\AppData\Roaming\Composer\vendor\bin;C:\Users\30312\AppData\Roaming\npm;D:\wamp\bin\mysql\mysql5.7.31\bin;D:\python3.7.9\Scripts;C:\Users\30312\.dotnet\tools;F:\androidReverse\Fiddler;D:\jdk\bin;D:\jdk\jre\bin;F:\mitmproxy\bin;F:\AppData\jdk\platform-tools\;
USERNAME=30312
OS=Windows_NT
PROCESSOR_IDENTIFIER=Intel64 Family 6 Model 142 Stepping 10, GenuineIntel



---------------  S Y S T E M  ---------------

OS: Windows 10 , 64 bit Build 18362 (10.0.18362.1500)
OS uptime: 2 days 1:13 hours

CPU:total 8 (initial active 8) (4 cores per cpu, 2 threads per core) family 6 model 142 stepping 10 microcode 0xe0, cmov, cx8, fxsr, mmx, sse, sse2, sse3, ssse3, sse4.1, sse4.2, popcnt, avx, avx2, aes, clmul, erms, 3dnowpref, lzcnt, ht, tsc, tscinvbit, bmi1, bmi2, adx, fma

Memory: 4k page, system-wide physical 8023M (1364M free)
TotalPageFile size 23233M (AvailPageFile size 5M)
current process WorkingSet (physical memory assigned to process): 334M, peak: 334M
current process commit charge ("private bytes"): 378M, peak: 380M

vm_info: OpenJDK 64-Bit Server VM (11.0.11+9-b60-7590822) for windows-amd64 JRE (11.0.11+9-b60-7590822), built on Jul 29 2021 21:43:44 by "builder" with MS VC++ 14.0 (VS2015)

END.
